0 info it worked if it ends with ok
1 verbose cli [ '/usr/local/bin/node',
1 verbose cli   '/usr/local/bin/npm',
1 verbose cli   'install',
1 verbose cli   'canvas' ]
2 info using npm@4.0.5
3 info using node@v7.4.0
4 silly loadCurrentTree Starting
5 silly install loadCurrentTree
6 silly install readLocalPackageData
7 silly fetchPackageMetaData canvas
8 silly fetchNamedPackageData canvas
9 silly mapToRegistry name canvas
10 silly mapToRegistry using default registry
11 silly mapToRegistry registry https://registry.npmjs.org/
12 silly mapToRegistry data Result {
12 silly mapToRegistry   raw: 'canvas',
12 silly mapToRegistry   scope: null,
12 silly mapToRegistry   escapedName: 'canvas',
12 silly mapToRegistry   name: 'canvas',
12 silly mapToRegistry   rawSpec: '',
12 silly mapToRegistry   spec: 'latest',
12 silly mapToRegistry   type: 'tag' }
13 silly mapToRegistry uri https://registry.npmjs.org/canvas
14 verbose request uri https://registry.npmjs.org/canvas
15 verbose request no auth needed
16 info attempt registry request try #1 at 4:37:44 PM
17 verbose request id b91367dfed4dd62e
18 verbose etag W/"58b69947-1f4a7"
19 verbose lastModified Wed, 01 Mar 2017 09:49:59 GMT
20 http request GET https://registry.npmjs.org/canvas
21 http 304 https://registry.npmjs.org/canvas
22 verbose headers { date: 'Sat, 11 Mar 2017 21:37:44 GMT',
22 verbose headers   via: '1.1 varnish',
22 verbose headers   'cache-control': 'max-age=300',
22 verbose headers   etag: 'W/"58b69947-1f4a7"',
22 verbose headers   age: '41',
22 verbose headers   connection: 'keep-alive',
22 verbose headers   'x-served-by': 'cache-jfk8143-JFK',
22 verbose headers   'x-cache': 'HIT',
22 verbose headers   'x-cache-hits': '1',
22 verbose headers   'x-timer': 'S1489268264.969037,VS0,VE0',
22 verbose headers   vary: 'Accept-Encoding' }
23 silly get cb [ 304,
23 silly get   { date: 'Sat, 11 Mar 2017 21:37:44 GMT',
23 silly get     via: '1.1 varnish',
23 silly get     'cache-control': 'max-age=300',
23 silly get     etag: 'W/"58b69947-1f4a7"',
23 silly get     age: '41',
23 silly get     connection: 'keep-alive',
23 silly get     'x-served-by': 'cache-jfk8143-JFK',
23 silly get     'x-cache': 'HIT',
23 silly get     'x-cache-hits': '1',
23 silly get     'x-timer': 'S1489268264.969037,VS0,VE0',
23 silly get     vary: 'Accept-Encoding' } ]
24 verbose etag https://registry.npmjs.org/canvas from cache
25 verbose get saving canvas to /Users/JustinZhou/.npm/registry.npmjs.org/canvas/.cache.json
26 verbose correctMkdir /Users/JustinZhou/.npm correctMkdir not in flight; initializing
27 silly install normalizeTree
28 silly loadCurrentTree Finishing
29 silly loadIdealTree Starting
30 silly install loadIdealTree
31 silly cloneCurrentTree Starting
32 silly install cloneCurrentTreeToIdealTree
33 silly cloneCurrentTree Finishing
34 silly loadShrinkwrap Starting
35 silly install loadShrinkwrap
36 silly loadShrinkwrap Finishing
37 silly loadAllDepsIntoIdealTree Starting
38 silly install loadAllDepsIntoIdealTree
39 silly resolveWithNewModule canvas@1.6.4 checking installable status
40 silly cache add args [ 'canvas', null ]
41 verbose cache add spec canvas
42 silly cache add parsed spec Result {
42 silly cache add   raw: 'canvas',
42 silly cache add   scope: null,
42 silly cache add   escapedName: 'canvas',
42 silly cache add   name: 'canvas',
42 silly cache add   rawSpec: '',
42 silly cache add   spec: 'latest',
42 silly cache add   type: 'tag' }
43 silly addNamed canvas@latest
44 verbose addNamed "latest" is being treated as a dist-tag for canvas
45 info addNameTag [ 'canvas', 'latest' ]
46 silly mapToRegistry name canvas
47 silly mapToRegistry using default registry
48 silly mapToRegistry registry https://registry.npmjs.org/
49 silly mapToRegistry data Result {
49 silly mapToRegistry   raw: 'canvas',
49 silly mapToRegistry   scope: null,
49 silly mapToRegistry   escapedName: 'canvas',
49 silly mapToRegistry   name: 'canvas',
49 silly mapToRegistry   rawSpec: '',
49 silly mapToRegistry   spec: 'latest',
49 silly mapToRegistry   type: 'tag' }
50 silly mapToRegistry uri https://registry.npmjs.org/canvas
51 verbose addNameTag registry:https://registry.npmjs.org/canvas not in flight; fetching
52 verbose get https://registry.npmjs.org/canvas not expired, no request
53 silly addNameTag next cb for canvas with tag latest
54 silly addNamed canvas@1.6.4
55 verbose addNamed "1.6.4" is a plain semver version for canvas
56 silly cache afterAdd canvas@1.6.4
57 verbose afterAdd /Users/JustinZhou/.npm/canvas/1.6.4/package/package.json not in flight; writing
58 verbose correctMkdir /Users/JustinZhou/.npm correctMkdir not in flight; initializing
59 verbose afterAdd /Users/JustinZhou/.npm/canvas/1.6.4/package/package.json written
60 silly loadAllDepsIntoIdealTree Finishing
61 silly loadIdealTree Finishing
62 silly currentTree puppybook@1.0.0
62 silly currentTree ├── abbrev@1.1.0
62 silly currentTree ├── accepts@1.3.3
62 silly currentTree ├── acorn@3.3.0
62 silly currentTree ├── ajv@4.11.4
62 silly currentTree ├── align-text@0.1.4
62 silly currentTree ├── alter@0.2.0
62 silly currentTree ├── amdefine@1.0.1
62 silly currentTree ├── ansi-escapes@1.4.0
62 silly currentTree ├── ansi-regex@2.1.1
62 silly currentTree ├── ansi-styles@2.2.1
62 silly currentTree ├── anymatch@1.3.0
62 silly currentTree ├── ap@0.2.0
62 silly currentTree ├── arr-diff@2.0.0
62 silly currentTree ├── arr-flatten@1.0.1
62 silly currentTree ├── array-flatten@1.1.1
62 silly currentTree ├── array-unique@0.2.1
62 silly currentTree ├── arrify@1.0.1
62 silly currentTree ├── asap@2.0.5
62 silly currentTree ├── asn1@0.1.11
62 silly currentTree ├── assert-plus@0.1.5
62 silly currentTree ├── assert@1.4.1
62 silly currentTree ├── ast-traverse@0.1.1
62 silly currentTree ├── ast-types@0.9.5
62 silly currentTree ├── async-each@1.0.1
62 silly currentTree ├── async@1.5.2
62 silly currentTree ├── asynckit@0.4.0
62 silly currentTree ├── aws-sign2@0.5.0
62 silly currentTree ├── aws4@1.6.0
62 silly currentTree ├── axios@0.15.3
62 silly currentTree ├── babel-code-frame@6.22.0
62 silly currentTree ├── babel-core@6.23.1
62 silly currentTree ├── babel-generator@6.23.0
62 silly currentTree ├── babel-helper-builder-react-jsx@6.23.0
62 silly currentTree ├── babel-helper-call-delegate@6.22.0
62 silly currentTree ├── babel-helper-define-map@6.23.0
62 silly currentTree ├── babel-helper-function-name@6.23.0
62 silly currentTree ├── babel-helper-get-function-arity@6.22.0
62 silly currentTree ├── babel-helper-hoist-variables@6.22.0
62 silly currentTree ├── babel-helper-optimise-call-expression@6.23.0
62 silly currentTree ├── babel-helper-regex@6.22.0
62 silly currentTree ├── babel-helper-replace-supers@6.23.0
62 silly currentTree ├── babel-helpers@6.23.0
62 silly currentTree ├── babel-loader@6.4.0
62 silly currentTree ├── babel-messages@6.23.0
62 silly currentTree ├── babel-plugin-check-es2015-constants@6.22.0
62 silly currentTree ├── babel-plugin-constant-folding@1.0.1
62 silly currentTree ├── babel-plugin-dead-code-elimination@1.0.2
62 silly currentTree ├── babel-plugin-eval@1.0.1
62 silly currentTree ├── babel-plugin-inline-environment-variables@1.0.1
62 silly currentTree ├── babel-plugin-jscript@1.0.4
62 silly currentTree ├── babel-plugin-member-expression-literals@1.0.1
62 silly currentTree ├── babel-plugin-property-literals@1.0.1
62 silly currentTree ├─┬ babel-plugin-proto-to-assign@1.0.4
62 silly currentTree │ └── lodash@3.10.1
62 silly currentTree ├── babel-plugin-react-constant-elements@1.0.3
62 silly currentTree ├── babel-plugin-react-display-name@1.0.3
62 silly currentTree ├── babel-plugin-remove-console@1.0.1
62 silly currentTree ├── babel-plugin-remove-debugger@1.0.1
62 silly currentTree ├── babel-plugin-runtime@1.0.7
62 silly currentTree ├── babel-plugin-syntax-flow@6.18.0
62 silly currentTree ├── babel-plugin-syntax-jsx@6.18.0
62 silly currentTree ├── babel-plugin-transform-es2015-arrow-functions@6.22.0
62 silly currentTree ├── babel-plugin-transform-es2015-block-scoped-functions@6.22.0
62 silly currentTree ├── babel-plugin-transform-es2015-block-scoping@6.23.0
62 silly currentTree ├── babel-plugin-transform-es2015-classes@6.23.0
62 silly currentTree ├── babel-plugin-transform-es2015-computed-properties@6.22.0
62 silly currentTree ├── babel-plugin-transform-es2015-destructuring@6.23.0
62 silly currentTree ├── babel-plugin-transform-es2015-duplicate-keys@6.22.0
62 silly currentTree ├── babel-plugin-transform-es2015-for-of@6.23.0
62 silly currentTree ├── babel-plugin-transform-es2015-function-name@6.22.0
62 silly currentTree ├── babel-plugin-transform-es2015-literals@6.22.0
62 silly currentTree ├── babel-plugin-transform-es2015-modules-amd@6.22.0
62 silly currentTree ├── babel-plugin-transform-es2015-modules-commonjs@6.23.0
62 silly currentTree ├── babel-plugin-transform-es2015-modules-systemjs@6.23.0
62 silly currentTree ├── babel-plugin-transform-es2015-modules-umd@6.23.0
62 silly currentTree ├── babel-plugin-transform-es2015-object-super@6.22.0
62 silly currentTree ├── babel-plugin-transform-es2015-parameters@6.23.0
62 silly currentTree ├── babel-plugin-transform-es2015-shorthand-properties@6.22.0
62 silly currentTree ├── babel-plugin-transform-es2015-spread@6.22.0
62 silly currentTree ├── babel-plugin-transform-es2015-sticky-regex@6.22.0
62 silly currentTree ├── babel-plugin-transform-es2015-template-literals@6.22.0
62 silly currentTree ├── babel-plugin-transform-es2015-typeof-symbol@6.23.0
62 silly currentTree ├── babel-plugin-transform-es2015-unicode-regex@6.22.0
62 silly currentTree ├── babel-plugin-transform-flow-strip-types@6.22.0
62 silly currentTree ├── babel-plugin-transform-react-display-name@6.23.0
62 silly currentTree ├── babel-plugin-transform-react-jsx-self@6.22.0
62 silly currentTree ├── babel-plugin-transform-react-jsx-source@6.22.0
62 silly currentTree ├── babel-plugin-transform-react-jsx@6.23.0
62 silly currentTree ├── babel-plugin-transform-regenerator@6.22.0
62 silly currentTree ├── babel-plugin-transform-strict-mode@6.22.0
62 silly currentTree ├── babel-plugin-undeclared-variables-check@1.0.2
62 silly currentTree ├── babel-plugin-undefined-to-void@1.1.6
62 silly currentTree ├── babel-preset-es2015@6.22.0
62 silly currentTree ├── babel-preset-flow@6.23.0
62 silly currentTree ├── babel-preset-react@6.23.0
62 silly currentTree ├── babel-register@6.23.0
62 silly currentTree ├── babel-runtime@6.23.0
62 silly currentTree ├── babel-template@6.23.0
62 silly currentTree ├── babel-traverse@6.23.1
62 silly currentTree ├── babel-types@6.23.0
62 silly currentTree ├─┬ babel@5.8.38
62 silly currentTree │ ├── babel-core@5.8.38
62 silly currentTree │ ├── babylon@5.8.38
62 silly currentTree │ ├── core-js@1.2.7
62 silly currentTree │ ├── detect-indent@3.0.1
62 silly currentTree │ ├── globals@6.4.1
62 silly currentTree │ ├── home-or-tmp@1.0.0
62 silly currentTree │ ├── js-tokens@1.0.1
62 silly currentTree │ ├── json5@0.4.0
62 silly currentTree │ ├── lodash@3.10.1
62 silly currentTree │ ├── minimatch@2.0.10
62 silly currentTree │ ├── minimist@1.2.0
62 silly currentTree │ ├── path-exists@1.0.0
62 silly currentTree │ ├── repeating@1.1.3
62 silly currentTree │ └─┬ source-map-support@0.2.10
62 silly currentTree │   └── source-map@0.1.32
62 silly currentTree ├── babylon@6.16.1
62 silly currentTree ├── balanced-match@0.4.2
62 silly currentTree ├── base64-js@1.2.0
62 silly currentTree ├── bcrypt-pbkdf@1.0.1
62 silly currentTree ├── big.js@3.1.3
62 silly currentTree ├── binary-extensions@1.8.0
62 silly currentTree ├── bluebird@2.11.0
62 silly currentTree ├─┬ body-parser@1.14.2
62 silly currentTree │ ├── debug@2.2.0
62 silly currentTree │ ├── http-errors@1.3.1
62 silly currentTree │ ├── iconv-lite@0.4.13
62 silly currentTree │ ├── ms@0.7.1
62 silly currentTree │ └── qs@5.2.0
62 silly currentTree ├── boolbase@1.0.0
62 silly currentTree ├── boom@0.4.2
62 silly currentTree ├── bootstrap-social@5.1.1
62 silly currentTree ├── bootstrap@3.3.7
62 silly currentTree ├── brace-expansion@1.1.6
62 silly currentTree ├── braces@1.8.5
62 silly currentTree ├── breakable@1.0.0
62 silly currentTree ├── browserify-aes@0.4.0
62 silly currentTree ├── browserify-zlib@0.1.4
62 silly currentTree ├── buffer-shims@1.0.0
62 silly currentTree ├── buffer-writer@1.0.1
62 silly currentTree ├── buffer@4.9.1
62 silly currentTree ├── builtin-status-codes@3.0.0
62 silly currentTree ├── bytes@2.2.0
62 silly currentTree ├── camelcase@1.2.1
62 silly currentTree ├── caseless@0.12.0
62 silly currentTree ├── center-align@0.1.3
62 silly currentTree ├── chalk@1.1.3
62 silly currentTree ├─┬ cheerio@0.22.0
62 silly currentTree │ └── lodash.defaults@4.2.0
62 silly currentTree ├── chokidar@1.6.1
62 silly currentTree ├─┬ cliui@2.1.0
62 silly currentTree │ └── wordwrap@0.0.2
62 silly currentTree ├── clone@1.0.2
62 silly currentTree ├── co@4.6.0
62 silly currentTree ├── combined-stream@0.0.7
62 silly currentTree ├── commander@2.9.0
62 silly currentTree ├── commondir@1.0.1
62 silly currentTree ├─┬ commoner@0.10.8
62 silly currentTree │ ├── esprima@3.1.3
62 silly currentTree │ └── recast@0.11.22
62 silly currentTree ├── concat-map@0.0.1
62 silly currentTree ├── configstore@1.4.0
62 silly currentTree ├── console-browserify@1.1.0
62 silly currentTree ├── constants-browserify@1.0.0
62 silly currentTree ├── content-disposition@0.5.2
62 silly currentTree ├── content-type@1.0.2
62 silly currentTree ├── convert-source-map@1.4.0
62 silly currentTree ├── cookie-signature@1.0.6
62 silly currentTree ├── cookie@0.3.1
62 silly currentTree ├── core-js@2.4.1
62 silly currentTree ├── core-util-is@1.0.2
62 silly currentTree ├── crc@3.4.4
62 silly currentTree ├── cross-env@3.2.3
62 silly currentTree ├── cross-spawn@5.1.0
62 silly currentTree ├── cryptiles@0.2.2
62 silly currentTree ├── crypto-browserify@3.3.0
62 silly currentTree ├── css-select@1.2.0
62 silly currentTree ├── css-what@2.1.0
62 silly currentTree ├── ctype@0.5.3
62 silly currentTree ├── d3-array@1.1.1
62 silly currentTree ├── d3-axis@1.0.6
62 silly currentTree ├── d3-brush@1.0.4
62 silly currentTree ├── d3-chord@1.0.4
62 silly currentTree ├── d3-cloud@1.2.4
62 silly currentTree ├── d3-collection@1.0.3
62 silly currentTree ├── d3-color@1.0.3
62 silly currentTree ├── d3-dispatch@1.0.3
62 silly currentTree ├── d3-drag@1.0.4
62 silly currentTree ├── d3-dsv@1.0.5
62 silly currentTree ├── d3-ease@1.0.3
62 silly currentTree ├── d3-force@1.0.6
62 silly currentTree ├── d3-format@1.1.1
62 silly currentTree ├── d3-geo@1.6.2
62 silly currentTree ├── d3-hierarchy@1.1.4
62 silly currentTree ├── d3-interpolate@1.1.4
62 silly currentTree ├── d3-path@1.0.5
62 silly currentTree ├── d3-polygon@1.0.3
62 silly currentTree ├── d3-quadtree@1.0.3
62 silly currentTree ├── d3-queue@3.0.5
62 silly currentTree ├── d3-random@1.0.3
62 silly currentTree ├── d3-request@1.0.5
62 silly currentTree ├── d3-scale@1.0.5
62 silly currentTree ├── d3-selection@1.0.5
62 silly currentTree ├── d3-shape@1.0.6
62 silly currentTree ├── d3-time-format@2.0.5
62 silly currentTree ├── d3-time@1.0.6
62 silly currentTree ├── d3-timer@1.0.5
62 silly currentTree ├── d3-transition@1.0.4
62 silly currentTree ├── d3-voronoi@1.1.2
62 silly currentTree ├── d3-zoom@1.1.3
62 silly currentTree ├─┬ d3.layout.cloud@1.2.0
62 silly currentTree │ └── d3-dispatch@0.2.6
62 silly currentTree ├── d3@4.7.2
62 silly currentTree ├─┬ dashdash@1.14.1
62 silly currentTree │ └── assert-plus@1.0.0
62 silly currentTree ├── date-now@0.1.4
62 silly currentTree ├── debug@2.6.2
62 silly currentTree ├── decamelize@1.2.0
62 silly currentTree ├── deep-diff@0.3.4
62 silly currentTree ├── deep-equal@1.0.1
62 silly currentTree ├── deep-extend@0.4.1
62 silly currentTree ├── defined@1.0.0
62 silly currentTree ├─┬ defs@1.1.1
62 silly currentTree │ ├── window-size@0.1.4
62 silly currentTree │ └── yargs@3.27.0
62 silly currentTree ├── delayed-stream@0.0.5
62 silly currentTree ├── depd@1.1.0
62 silly currentTree ├── destroy@1.0.4
62 silly currentTree ├── detect-indent@4.0.0
62 silly currentTree ├─┬ detective@4.5.0
62 silly currentTree │ └── acorn@4.0.11
62 silly currentTree ├─┬ dom-serializer@0.1.0
62 silly currentTree │ └── domelementtype@1.1.3
62 silly currentTree ├── domain-browser@1.1.7
62 silly currentTree ├── domelementtype@1.3.0
62 silly currentTree ├── domhandler@2.3.0
62 silly currentTree ├── domutils@1.5.1
62 silly currentTree ├── dottie@1.1.1
62 silly currentTree ├── duplexer@0.1.1
62 silly currentTree ├── duplexify@3.5.0
62 silly currentTree ├── ecc-jsbn@0.1.1
62 silly currentTree ├── ee-first@1.1.1
62 silly currentTree ├── elasticsearch@12.1.3
62 silly currentTree ├── emojis-list@2.1.0
62 silly currentTree ├── encodeurl@1.0.1
62 silly currentTree ├── encoding@0.1.12
62 silly currentTree ├── end-of-stream@1.0.0
62 silly currentTree ├─┬ enhanced-resolve@0.9.1
62 silly currentTree │ └── memory-fs@0.2.0
62 silly currentTree ├── entities@1.1.1
62 silly currentTree ├── errno@0.1.4
62 silly currentTree ├── es6-promise@3.3.1
62 silly currentTree ├── escape-html@1.0.3
62 silly currentTree ├── escape-string-regexp@1.0.5
62 silly currentTree ├── eslint-formatter-pretty@1.1.0
62 silly currentTree ├── esprima-fb@15001.1001.0-dev-harmony-fb
62 silly currentTree ├── esutils@2.0.2
62 silly currentTree ├── etag@1.8.0
62 silly currentTree ├── event-stream@3.3.4
62 silly currentTree ├── events@1.1.1
62 silly currentTree ├── expand-brackets@0.1.5
62 silly currentTree ├── expand-range@1.8.2
62 silly currentTree ├─┬ express-session@1.15.1
62 silly currentTree │ └── debug@2.6.1
62 silly currentTree ├─┬ express@4.15.2
62 silly currentTree │ └── debug@2.6.1
62 silly currentTree ├── extend@3.0.0
62 silly currentTree ├── extglob@0.3.2
62 silly currentTree ├── extsprintf@1.0.2
62 silly currentTree ├── faye-websocket@0.10.0
62 silly currentTree ├─┬ fbjs@0.8.9
62 silly currentTree │ └── core-js@1.2.7
62 silly currentTree ├── filename-regex@2.0.0
62 silly currentTree ├── filesize@3.5.6
62 silly currentTree ├── fill-range@2.2.3
62 silly currentTree ├─┬ finalhandler@1.0.0
62 silly currentTree │ └── debug@2.6.1
62 silly currentTree ├── find-cache-dir@0.1.1
62 silly currentTree ├── find-up@1.1.2
62 silly currentTree ├── follow-redirects@1.0.0
62 silly currentTree ├── font-awesome@4.7.0
62 silly currentTree ├── for-in@1.0.2
62 silly currentTree ├── for-own@0.1.5
62 silly currentTree ├── forever-agent@0.6.1
62 silly currentTree ├─┬ form-data@0.1.4
62 silly currentTree │ ├── async@0.9.2
62 silly currentTree │ └── mime@1.2.11
62 silly currentTree ├── forwarded@0.1.0
62 silly currentTree ├── fresh@0.5.0
62 silly currentTree ├── from@0.1.3
62 silly currentTree ├── fs-misc@2.0.0
62 silly currentTree ├── fs-readdir-recursive@0.1.2
62 silly currentTree ├─┬ fsevents@1.1.1
62 silly currentTree │ ├── abbrev@1.1.0
62 silly currentTree │ ├── ansi-regex@2.1.1
62 silly currentTree │ ├── ansi-styles@2.2.1
62 silly currentTree │ ├── aproba@1.1.1
62 silly currentTree │ ├── are-we-there-yet@1.1.2
62 silly currentTree │ ├── asn1@0.2.3
62 silly currentTree │ ├── assert-plus@0.2.0
62 silly currentTree │ ├── asynckit@0.4.0
62 silly currentTree │ ├── aws-sign2@0.6.0
62 silly currentTree │ ├── aws4@1.6.0
62 silly currentTree │ ├── balanced-match@0.4.2
62 silly currentTree │ ├── bcrypt-pbkdf@1.0.1
62 silly currentTree │ ├── block-stream@0.0.9
62 silly currentTree │ ├── boom@2.10.1
62 silly currentTree │ ├── brace-expansion@1.1.6
62 silly currentTree │ ├── buffer-shims@1.0.0
62 silly currentTree │ ├── caseless@0.11.0
62 silly currentTree │ ├── chalk@1.1.3
62 silly currentTree │ ├── code-point-at@1.1.0
62 silly currentTree │ ├── combined-stream@1.0.5
62 silly currentTree │ ├── commander@2.9.0
62 silly currentTree │ ├── concat-map@0.0.1
62 silly currentTree │ ├── console-control-strings@1.1.0
62 silly currentTree │ ├── core-util-is@1.0.2
62 silly currentTree │ ├── cryptiles@2.0.5
62 silly currentTree │ ├─┬ dashdash@1.14.1
62 silly currentTree │ │ └── assert-plus@1.0.0
62 silly currentTree │ ├── debug@2.2.0
62 silly currentTree │ ├── deep-extend@0.4.1
62 silly currentTree │ ├── delayed-stream@1.0.0
62 silly currentTree │ ├── delegates@1.0.0
62 silly currentTree │ ├── ecc-jsbn@0.1.1
62 silly currentTree │ ├── escape-string-regexp@1.0.5
62 silly currentTree │ ├── extend@3.0.0
62 silly currentTree │ ├── extsprintf@1.0.2
62 silly currentTree │ ├── forever-agent@0.6.1
62 silly currentTree │ ├── form-data@2.1.2
62 silly currentTree │ ├── fs.realpath@1.0.0
62 silly currentTree │ ├── fstream-ignore@1.0.5
62 silly currentTree │ ├── fstream@1.0.10
62 silly currentTree │ ├── gauge@2.7.3
62 silly currentTree │ ├── generate-function@2.0.0
62 silly currentTree │ ├── generate-object-property@1.2.0
62 silly currentTree │ ├─┬ getpass@0.1.6
62 silly currentTree │ │ └── assert-plus@1.0.0
62 silly currentTree │ ├── glob@7.1.1
62 silly currentTree │ ├── graceful-fs@4.1.11
62 silly currentTree │ ├── graceful-readlink@1.0.1
62 silly currentTree │ ├── har-validator@2.0.6
62 silly currentTree │ ├── has-ansi@2.0.0
62 silly currentTree │ ├── has-unicode@2.0.1
62 silly currentTree │ ├── hawk@3.1.3
62 silly currentTree │ ├── hoek@2.16.3
62 silly currentTree │ ├── http-signature@1.1.1
62 silly currentTree │ ├── inflight@1.0.6
62 silly currentTree │ ├── inherits@2.0.3
62 silly currentTree │ ├── ini@1.3.4
62 silly currentTree │ ├── is-fullwidth-code-point@1.0.0
62 silly currentTree │ ├── is-my-json-valid@2.15.0
62 silly currentTree │ ├── is-property@1.0.2
62 silly currentTree │ ├── is-typedarray@1.0.0
62 silly currentTree │ ├── isarray@1.0.0
62 silly currentTree │ ├── isstream@0.1.2
62 silly currentTree │ ├── jodid25519@1.0.2
62 silly currentTree │ ├── jsbn@0.1.1
62 silly currentTree │ ├── json-schema@0.2.3
62 silly currentTree │ ├── json-stringify-safe@5.0.1
62 silly currentTree │ ├── jsonpointer@4.0.1
62 silly currentTree │ ├── jsprim@1.3.1
62 silly currentTree │ ├── mime-db@1.26.0
62 silly currentTree │ ├── mime-types@2.1.14
62 silly currentTree │ ├── minimatch@3.0.3
62 silly currentTree │ ├── minimist@0.0.8
62 silly currentTree │ ├── mkdirp@0.5.1
62 silly currentTree │ ├── ms@0.7.1
62 silly currentTree │ ├── node-pre-gyp@0.6.33
62 silly currentTree │ ├── nopt@3.0.6
62 silly currentTree │ ├── npmlog@4.0.2
62 silly currentTree │ ├── number-is-nan@1.0.1
62 silly currentTree │ ├── oauth-sign@0.8.2
62 silly currentTree │ ├── object-assign@4.1.1
62 silly currentTree │ ├── once@1.4.0
62 silly currentTree │ ├── path-is-absolute@1.0.1
62 silly currentTree │ ├── pinkie-promise@2.0.1
62 silly currentTree │ ├── pinkie@2.0.4
62 silly currentTree │ ├── process-nextick-args@1.0.7
62 silly currentTree │ ├── punycode@1.4.1
62 silly currentTree │ ├── qs@6.3.1
62 silly currentTree │ ├─┬ rc@1.1.7
62 silly currentTree │ │ └── minimist@1.2.0
62 silly currentTree │ ├── readable-stream@2.2.2
62 silly currentTree │ ├── request@2.79.0
62 silly currentTree │ ├── rimraf@2.5.4
62 silly currentTree │ ├── semver@5.3.0
62 silly currentTree │ ├── set-blocking@2.0.0
62 silly currentTree │ ├── signal-exit@3.0.2
62 silly currentTree │ ├── sntp@1.0.9
62 silly currentTree │ ├─┬ sshpk@1.10.2
62 silly currentTree │ │ └── assert-plus@1.0.0
62 silly currentTree │ ├── string_decoder@0.10.31
62 silly currentTree │ ├── string-width@1.0.2
62 silly currentTree │ ├── stringstream@0.0.5
62 silly currentTree │ ├── strip-ansi@3.0.1
62 silly currentTree │ ├── strip-json-comments@2.0.1
62 silly currentTree │ ├── supports-color@2.0.0
62 silly currentTree │ ├─┬ tar-pack@3.3.0
62 silly currentTree │ │ ├── once@1.3.3
62 silly currentTree │ │ └── readable-stream@2.1.5
62 silly currentTree │ ├── tar@2.2.1
62 silly currentTree │ ├── tough-cookie@2.3.2
62 silly currentTree │ ├── tunnel-agent@0.4.3
62 silly currentTree │ ├── tweetnacl@0.14.5
62 silly currentTree │ ├── uid-number@0.0.6
62 silly currentTree │ ├── util-deprecate@1.0.2
62 silly currentTree │ ├── uuid@3.0.1
62 silly currentTree │ ├── verror@1.3.6
62 silly currentTree │ ├── wide-align@1.1.0
62 silly currentTree │ ├── wrappy@1.0.2
62 silly currentTree │ └── xtend@4.0.1
62 silly currentTree ├── generic-pool@2.4.2
62 silly currentTree ├── get-stdin@4.0.1
62 silly currentTree ├─┬ getpass@0.1.6
62 silly currentTree │ └── assert-plus@1.0.0
62 silly currentTree ├── glob-base@0.3.0
62 silly currentTree ├── glob-parent@2.0.0
62 silly currentTree ├── glob@5.0.15
62 silly currentTree ├── globals@9.16.0
62 silly currentTree ├─┬ got@3.3.1
62 silly currentTree │ └── object-assign@3.0.0
62 silly currentTree ├── graceful-fs@4.1.11
62 silly currentTree ├── graceful-readlink@1.0.1
62 silly currentTree ├── har-schema@1.0.5
62 silly currentTree ├── har-validator@4.2.1
62 silly currentTree ├── has-ansi@2.0.0
62 silly currentTree ├── has-flag@1.0.0
62 silly currentTree ├── hawk@1.0.0
62 silly currentTree ├─┬ history@2.1.2
62 silly currentTree │ └── warning@2.1.0
62 silly currentTree ├── hoek@0.9.1
62 silly currentTree ├── hoist-non-react-statics@1.2.0
62 silly currentTree ├── home-or-tmp@2.0.0
62 silly currentTree ├── htmlparser2@3.9.2
62 silly currentTree ├── http-errors@1.6.1
62 silly currentTree ├── http-signature@0.10.1
62 silly currentTree ├── https-browserify@0.0.1
62 silly currentTree ├── iconv-lite@0.4.15
62 silly currentTree ├── ieee754@1.1.8
62 silly currentTree ├── ignore-by-default@1.0.1
62 silly currentTree ├── imurmurhash@0.1.4
62 silly currentTree ├── indexof@0.0.1
62 silly currentTree ├── infinity-agent@2.0.3
62 silly currentTree ├── inflection@1.12.0
62 silly currentTree ├── inflight@1.0.6
62 silly currentTree ├── inherits@2.0.3
62 silly currentTree ├── ini@1.3.4
62 silly currentTree ├── interpret@0.6.6
62 silly currentTree ├── invariant@2.2.2
62 silly currentTree ├── invert-kv@1.0.0
62 silly currentTree ├── ipaddr.js@1.2.0
62 silly currentTree ├── irregular-plurals@1.2.0
62 silly currentTree ├── is-binary-path@1.0.1
62 silly currentTree ├── is-buffer@1.1.5
62 silly currentTree ├── is-dotfile@1.0.2
62 silly currentTree ├── is-equal-shallow@0.1.3
62 silly currentTree ├── is-extendable@0.1.1
62 silly currentTree ├── is-extglob@1.0.0
62 silly currentTree ├── is-finite@1.0.2
62 silly currentTree ├── is-fullwidth-code-point@2.0.0
62 silly currentTree ├── is-glob@2.0.1
62 silly currentTree ├── is-integer@1.0.6
62 silly currentTree ├── is-npm@1.0.0
62 silly currentTree ├── is-number@2.1.0
62 silly currentTree ├── is-posix-bracket@0.1.1
62 silly currentTree ├── is-primitive@2.0.0
62 silly currentTree ├── is-redirect@1.0.0
62 silly currentTree ├── is-stream@1.1.0
62 silly currentTree ├── is-typedarray@1.0.0
62 silly currentTree ├── is-windows@1.0.0
62 silly currentTree ├── isarray@1.0.0
62 silly currentTree ├── isexe@1.1.2
62 silly currentTree ├── isobject@2.1.0
62 silly currentTree ├── isomorphic-fetch@2.2.1
62 silly currentTree ├── isstream@0.1.2
62 silly currentTree ├── jodid25519@1.0.2
62 silly currentTree ├── jquery@3.1.1
62 silly currentTree ├── js-tokens@3.0.1
62 silly currentTree ├── jsbn@0.1.1
62 silly currentTree ├── jsesc@1.3.0
62 silly currentTree ├── json-schema@0.2.3
62 silly currentTree ├── json-stable-stringify@1.0.1
62 silly currentTree ├── json-stringify-safe@5.0.1
62 silly currentTree ├── json5@0.5.1
62 silly currentTree ├── jsonify@0.0.0
62 silly currentTree ├── jsprim@1.3.1
62 silly currentTree ├── kind-of@3.1.0
62 silly currentTree ├── latest-version@1.0.1
62 silly currentTree ├── lazy-cache@1.0.4
62 silly currentTree ├── lcid@1.0.0
62 silly currentTree ├── leven@1.0.2
62 silly currentTree ├── livereload-js@2.2.2
62 silly currentTree ├── loader-utils@0.2.17
62 silly currentTree ├── lodash-es@4.17.4
62 silly currentTree ├── lodash._baseassign@3.2.0
62 silly currentTree ├── lodash._basecopy@3.0.1
62 silly currentTree ├── lodash._bindcallback@3.0.1
62 silly currentTree ├── lodash._createassigner@3.1.1
62 silly currentTree ├── lodash._getnative@3.9.1
62 silly currentTree ├── lodash._isiterateecall@3.0.9
62 silly currentTree ├── lodash.assign@3.2.0
62 silly currentTree ├── lodash.assignin@4.2.0
62 silly currentTree ├── lodash.bind@4.2.1
62 silly currentTree ├── lodash.defaults@3.1.2
62 silly currentTree ├── lodash.filter@4.6.0
62 silly currentTree ├── lodash.flatten@4.4.0
62 silly currentTree ├── lodash.foreach@4.5.0
62 silly currentTree ├── lodash.isarguments@3.1.0
62 silly currentTree ├── lodash.isarray@3.0.4
62 silly currentTree ├── lodash.keys@3.1.2
62 silly currentTree ├── lodash.map@4.6.0
62 silly currentTree ├── lodash.merge@4.6.0
62 silly currentTree ├── lodash.pick@4.4.0
62 silly currentTree ├── lodash.reduce@4.6.0
62 silly currentTree ├── lodash.reject@4.6.0
62 silly currentTree ├── lodash.restparam@3.6.1
62 silly currentTree ├── lodash.some@4.6.0
62 silly currentTree ├── lodash@4.17.4
62 silly currentTree ├── log-symbols@1.0.2
62 silly currentTree ├── longest@1.0.1
62 silly currentTree ├── loose-envify@1.3.1
62 silly currentTree ├── lowercase-keys@1.0.0
62 silly currentTree ├── lru-cache@4.0.2
62 silly currentTree ├── map-stream@0.1.0
62 silly currentTree ├── marked@0.3.6
62 silly currentTree ├── media-typer@0.3.0
62 silly currentTree ├── memory-fs@0.3.0
62 silly currentTree ├── merge-descriptors@1.0.1
62 silly currentTree ├── methods@1.1.2
62 silly currentTree ├── micromatch@2.3.11
62 silly currentTree ├── mime-db@1.26.0
62 silly currentTree ├── mime-types@2.1.14
62 silly currentTree ├── mime@1.3.4
62 silly currentTree ├── minimatch@3.0.3
62 silly currentTree ├── minimist@0.0.8
62 silly currentTree ├── mkdirp@0.5.1
62 silly currentTree ├── moment-timezone@0.5.11
62 silly currentTree ├── moment@2.17.1
62 silly currentTree ├── ms@0.7.2
62 silly currentTree ├── nan@2.5.1
62 silly currentTree ├── negotiator@0.6.1
62 silly currentTree ├── nested-error-stacks@1.0.2
62 silly currentTree ├── node-fetch@1.6.3
62 silly currentTree ├── node-libs-browser@0.7.0
62 silly currentTree ├── node-uuid@1.4.7
62 silly currentTree ├── nodemon@1.11.0
62 silly currentTree ├── nopt@1.0.10
62 silly currentTree ├── normalize-path@2.0.1
62 silly currentTree ├── nth-check@1.0.1
62 silly currentTree ├── number-is-nan@1.0.1
62 silly currentTree ├── oauth-sign@0.3.0
62 silly currentTree ├── oauth@0.9.15
62 silly currentTree ├── object-assign@4.1.1
62 silly currentTree ├── object.omit@2.0.1
62 silly currentTree ├── on-finished@2.3.0
62 silly currentTree ├── on-headers@1.0.1
62 silly currentTree ├── once@1.3.3
62 silly currentTree ├── optimist@0.6.1
62 silly currentTree ├── os-browserify@0.2.1
62 silly currentTree ├── os-homedir@1.0.2
62 silly currentTree ├── os-locale@1.4.0
62 silly currentTree ├── os-tmpdir@1.0.2
62 silly currentTree ├── osenv@0.1.4
62 silly currentTree ├── output-file-sync@1.1.2
62 silly currentTree ├── package-json@1.2.0
62 silly currentTree ├── packet-reader@0.2.0
62 silly currentTree ├── pako@0.2.9
62 silly currentTree ├── parse-glob@3.0.4
62 silly currentTree ├── parseurl@1.3.1
62 silly currentTree ├── passport-google-oauth@1.0.0
62 silly currentTree ├── passport-google-oauth1@1.0.0
62 silly currentTree ├── passport-google-oauth20@1.0.0
62 silly currentTree ├── passport-oauth1@1.1.0
62 silly currentTree ├── passport-oauth2@1.4.0
62 silly currentTree ├── passport-strategy@1.0.0
62 silly currentTree ├── passport@0.3.2
62 silly currentTree ├── path-browserify@0.0.0
62 silly currentTree ├── path-exists@2.1.0
62 silly currentTree ├── path-is-absolute@1.0.1
62 silly currentTree ├── path-parse@1.0.5
62 silly currentTree ├── path-to-regexp@0.1.7
62 silly currentTree ├── pause-stream@0.0.11
62 silly currentTree ├── pause@0.0.1
62 silly currentTree ├── pbkdf2-compat@2.0.1
62 silly currentTree ├── performance-now@0.2.0
62 silly currentTree ├── pg-connection-string@0.1.3
62 silly currentTree ├── pg-types@1.11.0
62 silly currentTree ├─┬ pg@4.5.6
62 silly currentTree │ └── semver@4.3.6
62 silly currentTree ├── pgpass@0.0.3
62 silly currentTree ├── pinkie-promise@2.0.1
62 silly currentTree ├── pinkie@2.0.4
62 silly currentTree ├── pkg-dir@1.0.0
62 silly currentTree ├── plur@2.1.2
62 silly currentTree ├── postgres-array@1.0.2
62 silly currentTree ├── postgres-bytea@1.0.0
62 silly currentTree ├── postgres-date@1.0.3
62 silly currentTree ├── postgres-interval@1.0.2
62 silly currentTree ├── prepend-http@1.0.4
62 silly currentTree ├── preserve@0.2.0
62 silly currentTree ├── private@0.1.7
62 silly currentTree ├── process-nextick-args@1.0.7
62 silly currentTree ├── process@0.11.9
62 silly currentTree ├── promise@7.1.1
62 silly currentTree ├─┬ promisified-request@0.0.3
62 silly currentTree │ ├── forever-agent@0.5.2
62 silly currentTree │ ├── mime@1.2.11
62 silly currentTree │ ├── qs@0.6.6
62 silly currentTree │ └── request@2.30.0
62 silly currentTree ├── promisifier@0.1.4
62 silly currentTree ├── proxy-addr@1.1.3
62 silly currentTree ├── prr@0.0.0
62 silly currentTree ├── ps-tree@1.1.0
62 silly currentTree ├── pseudomap@1.0.2
62 silly currentTree ├── punycode@1.4.1
62 silly currentTree ├── q@1.4.1
62 silly currentTree ├── qs@6.4.0
62 silly currentTree ├── query-string@3.0.3
62 silly currentTree ├── querystring-es3@0.2.1
62 silly currentTree ├── querystring@0.2.0
62 silly currentTree ├── random-bytes@1.0.0
62 silly currentTree ├── randomatic@1.1.6
62 silly currentTree ├── range-parser@1.2.0
62 silly currentTree ├─┬ raw-body@2.1.7
62 silly currentTree │ ├── bytes@2.4.0
62 silly currentTree │ └── iconv-lite@0.4.13
62 silly currentTree ├─┬ rc@1.1.7
62 silly currentTree │ └── minimist@1.2.0
62 silly currentTree ├── react-contenteditable@2.0.2
62 silly currentTree ├── react-dom@15.4.2
62 silly currentTree ├── react-redux@4.4.6
62 silly currentTree ├── react-router@2.8.1
62 silly currentTree ├── react@15.4.2
62 silly currentTree ├── read-all-stream@3.1.0
62 silly currentTree ├── readable-stream@2.2.3
62 silly currentTree ├── readdirp@2.1.0
62 silly currentTree ├─┬ recast@0.10.33
62 silly currentTree │ └── ast-types@0.8.12
62 silly currentTree ├── redux-devtools-extension@1.0.0
62 silly currentTree ├── redux-logger@2.8.2
62 silly currentTree ├── redux-thunk@2.2.0
62 silly currentTree ├── redux@3.6.0
62 silly currentTree ├── regenerate@1.3.2
62 silly currentTree ├── regenerator-runtime@0.10.3
62 silly currentTree ├── regenerator-transform@0.9.8
62 silly currentTree ├── regenerator@0.8.40
62 silly currentTree ├── regex-cache@0.4.3
62 silly currentTree ├── regexpu-core@2.0.0
62 silly currentTree ├─┬ regexpu@1.3.0
62 silly currentTree │ └── esprima@2.7.3
62 silly currentTree ├── registry-url@3.1.0
62 silly currentTree ├── regjsgen@0.2.0
62 silly currentTree ├─┬ regjsparser@0.1.5
62 silly currentTree │ └── jsesc@0.5.0
62 silly currentTree ├── repeat-element@1.1.2
62 silly currentTree ├── repeat-string@1.6.1
62 silly currentTree ├── repeating@2.0.1
62 silly currentTree ├─┬ request@2.81.0
62 silly currentTree │ ├── assert-plus@0.2.0
62 silly currentTree │ ├── aws-sign2@0.6.0
62 silly currentTree │ ├── boom@2.10.1
62 silly currentTree │ ├── combined-stream@1.0.5
62 silly currentTree │ ├── cryptiles@2.0.5
62 silly currentTree │ ├── delayed-stream@1.0.0
62 silly currentTree │ ├── form-data@2.1.2
62 silly currentTree │ ├── hawk@3.1.3
62 silly currentTree │ ├── hoek@2.16.3
62 silly currentTree │ ├── http-signature@1.1.1
62 silly currentTree │ ├── oauth-sign@0.8.2
62 silly currentTree │ ├── sntp@1.0.9
62 silly currentTree │ ├── tough-cookie@2.3.2
62 silly currentTree │ ├── tunnel-agent@0.6.0
62 silly currentTree │ └── uuid@3.0.1
62 silly currentTree ├── resolve@1.3.2
62 silly currentTree ├─┬ retry-as-promised@2.2.0
62 silly currentTree │ └── bluebird@3.5.0
62 silly currentTree ├── right-align@0.1.3
62 silly currentTree ├── ripemd160@0.2.0
62 silly currentTree ├── rw@1.3.3
62 silly currentTree ├── safe-buffer@5.0.1
62 silly currentTree ├── semver-diff@2.1.0
62 silly currentTree ├── semver@5.3.0
62 silly currentTree ├─┬ send@0.15.1
62 silly currentTree │ └── debug@2.6.1
62 silly currentTree ├─┬ sequelize@3.30.2
62 silly currentTree │ ├── bluebird@3.5.0
62 silly currentTree │ ├── lodash@4.12.0
62 silly currentTree │ └── uuid@3.0.1
62 silly currentTree ├── serve-static@1.12.1
62 silly currentTree ├── set-immediate-shim@1.0.1
62 silly currentTree ├── setimmediate@1.0.5
62 silly currentTree ├── setprototypeof@1.0.3
62 silly currentTree ├── sha.js@2.2.6
62 silly currentTree ├── shebang-command@1.2.0
62 silly currentTree ├── shebang-regex@1.0.0
62 silly currentTree ├── shimmer@1.1.0
62 silly currentTree ├── simple-fmt@0.1.0
62 silly currentTree ├── simple-is@0.2.0
62 silly currentTree ├── slash@1.0.0
62 silly currentTree ├── slide@1.1.6
62 silly currentTree ├── sntp@0.2.4
62 silly currentTree ├── source-list-map@0.1.8
62 silly currentTree ├── source-map-support@0.4.11
62 silly currentTree ├── source-map@0.5.6
62 silly currentTree ├── split@0.3.3
62 silly currentTree ├─┬ sshpk@1.11.0
62 silly currentTree │ ├── asn1@0.2.3
62 silly currentTree │ └── assert-plus@1.0.0
62 silly currentTree ├── stable@0.1.5
62 silly currentTree ├── statuses@1.3.1
62 silly currentTree ├── stream-browserify@2.0.1
62 silly currentTree ├── stream-combiner@0.0.4
62 silly currentTree ├── stream-http@2.6.3
62 silly currentTree ├── stream-shift@1.0.0
62 silly currentTree ├── strict-uri-encode@1.1.0
62 silly currentTree ├── string_decoder@0.10.31
62 silly currentTree ├── string-length@1.0.1
62 silly currentTree ├── string-width@2.0.0
62 silly currentTree ├── stringmap@0.2.2
62 silly currentTree ├── stringset@0.2.1
62 silly currentTree ├── stringstream@0.0.5
62 silly currentTree ├── strip-ansi@3.0.1
62 silly currentTree ├── strip-json-comments@2.0.1
62 silly currentTree ├── supports-color@2.0.0
62 silly currentTree ├── symbol-observable@1.0.4
62 silly currentTree ├── tapable@0.1.10
62 silly currentTree ├── terraformer-wkt-parser@1.1.2
62 silly currentTree ├── terraformer@1.0.7
62 silly currentTree ├── through@2.3.8
62 silly currentTree ├── timed-out@2.0.0
62 silly currentTree ├── timers-browserify@2.0.2
62 silly currentTree ├─┬ tiny-lr@0.2.1
62 silly currentTree │ ├── debug@2.2.0
62 silly currentTree │ ├── ms@0.7.1
62 silly currentTree │ └── qs@5.1.0
62 silly currentTree ├── to-arraybuffer@1.0.1
62 silly currentTree ├── to-fast-properties@1.0.2
62 silly currentTree ├── toposort-class@1.0.1
62 silly currentTree ├── touch@1.0.0
62 silly currentTree ├── tough-cookie@0.9.15
62 silly currentTree ├── trim-right@1.0.1
62 silly currentTree ├── try-resolve@1.0.1
62 silly currentTree ├── tryor@0.1.2
62 silly currentTree ├── tty-browserify@0.0.0
62 silly currentTree ├── tunnel-agent@0.3.0
62 silly currentTree ├── tweetnacl@0.14.5
62 silly currentTree ├── type-is@1.6.14
62 silly currentTree ├── ua-parser-js@0.7.12
62 silly currentTree ├─┬ uglify-js@2.7.5
62 silly currentTree │ └── async@0.2.10
62 silly currentTree ├── uglify-to-browserify@1.0.2
62 silly currentTree ├── uid-safe@2.1.4
62 silly currentTree ├── uid2@0.0.3
62 silly currentTree ├── undefsafe@0.0.3
62 silly currentTree ├── unpipe@1.0.0
62 silly currentTree ├─┬ update-notifier@0.5.0
62 silly currentTree │ └── repeating@1.1.3
62 silly currentTree ├─┬ url@0.11.0
62 silly currentTree │ └── punycode@1.3.2
62 silly currentTree ├── user-home@1.1.1
62 silly currentTree ├── util-deprecate@1.0.2
62 silly currentTree ├─┬ util@0.10.3
62 silly currentTree │ └── inherits@2.0.1
62 silly currentTree ├── utils-merge@1.0.0
62 silly currentTree ├── uuid@2.0.3
62 silly currentTree ├── validator@5.7.0
62 silly currentTree ├── vary@1.1.0
62 silly currentTree ├── verror@1.3.6
62 silly currentTree ├── vm-browserify@0.0.4
62 silly currentTree ├── volleyball@1.4.1
62 silly currentTree ├── warning@3.0.0
62 silly currentTree ├─┬ watchpack@0.2.9
62 silly currentTree │ └── async@0.9.2
62 silly currentTree ├─┬ webpack-core@0.6.9
62 silly currentTree │ └── source-map@0.4.4
62 silly currentTree ├── webpack-livereload-plugin@0.10.0
62 silly currentTree ├─┬ webpack@1.14.0
62 silly currentTree │ └── supports-color@3.2.3
62 silly currentTree ├── websocket-driver@0.6.5
62 silly currentTree ├── websocket-extensions@0.1.1
62 silly currentTree ├── whatwg-fetch@2.0.3
62 silly currentTree ├── when@2.7.1
62 silly currentTree ├── which@1.2.12
62 silly currentTree ├── window-size@0.1.0
62 silly currentTree ├── wkx@0.2.0
62 silly currentTree ├── wordwrap@0.0.3
62 silly currentTree ├── wrappy@1.0.2
62 silly currentTree ├── write-file-atomic@1.3.1
62 silly currentTree ├── xdg-basedir@2.0.0
62 silly currentTree ├── xmlhttprequest@1.8.0
62 silly currentTree ├── xtend@4.0.1
62 silly currentTree ├── y18n@3.2.1
62 silly currentTree ├── yallist@2.0.0
62 silly currentTree └── yargs@3.10.0
63 silly idealTree puppybook@1.0.0
63 silly idealTree ├── abbrev@1.1.0
63 silly idealTree ├── accepts@1.3.3
63 silly idealTree ├── acorn@3.3.0
63 silly idealTree ├── ajv@4.11.4
63 silly idealTree ├── align-text@0.1.4
63 silly idealTree ├── alter@0.2.0
63 silly idealTree ├── amdefine@1.0.1
63 silly idealTree ├── ansi-escapes@1.4.0
63 silly idealTree ├── ansi-regex@2.1.1
63 silly idealTree ├── ansi-styles@2.2.1
63 silly idealTree ├── anymatch@1.3.0
63 silly idealTree ├── ap@0.2.0
63 silly idealTree ├── arr-diff@2.0.0
63 silly idealTree ├── arr-flatten@1.0.1
63 silly idealTree ├── array-flatten@1.1.1
63 silly idealTree ├── array-unique@0.2.1
63 silly idealTree ├── arrify@1.0.1
63 silly idealTree ├── asap@2.0.5
63 silly idealTree ├── asn1@0.1.11
63 silly idealTree ├── assert-plus@0.1.5
63 silly idealTree ├── assert@1.4.1
63 silly idealTree ├── ast-traverse@0.1.1
63 silly idealTree ├── ast-types@0.9.5
63 silly idealTree ├── async-each@1.0.1
63 silly idealTree ├── async@1.5.2
63 silly idealTree ├── asynckit@0.4.0
63 silly idealTree ├── aws-sign2@0.5.0
63 silly idealTree ├── aws4@1.6.0
63 silly idealTree ├── axios@0.15.3
63 silly idealTree ├── babel-code-frame@6.22.0
63 silly idealTree ├── babel-core@6.23.1
63 silly idealTree ├── babel-generator@6.23.0
63 silly idealTree ├── babel-helper-builder-react-jsx@6.23.0
63 silly idealTree ├── babel-helper-call-delegate@6.22.0
63 silly idealTree ├── babel-helper-define-map@6.23.0
63 silly idealTree ├── babel-helper-function-name@6.23.0
63 silly idealTree ├── babel-helper-get-function-arity@6.22.0
63 silly idealTree ├── babel-helper-hoist-variables@6.22.0
63 silly idealTree ├── babel-helper-optimise-call-expression@6.23.0
63 silly idealTree ├── babel-helper-regex@6.22.0
63 silly idealTree ├── babel-helper-replace-supers@6.23.0
63 silly idealTree ├── babel-helpers@6.23.0
63 silly idealTree ├── babel-loader@6.4.0
63 silly idealTree ├── babel-messages@6.23.0
63 silly idealTree ├── babel-plugin-check-es2015-constants@6.22.0
63 silly idealTree ├── babel-plugin-constant-folding@1.0.1
63 silly idealTree ├── babel-plugin-dead-code-elimination@1.0.2
63 silly idealTree ├── babel-plugin-eval@1.0.1
63 silly idealTree ├── babel-plugin-inline-environment-variables@1.0.1
63 silly idealTree ├── babel-plugin-jscript@1.0.4
63 silly idealTree ├── babel-plugin-member-expression-literals@1.0.1
63 silly idealTree ├── babel-plugin-property-literals@1.0.1
63 silly idealTree ├─┬ babel-plugin-proto-to-assign@1.0.4
63 silly idealTree │ └── lodash@3.10.1
63 silly idealTree ├── babel-plugin-react-constant-elements@1.0.3
63 silly idealTree ├── babel-plugin-react-display-name@1.0.3
63 silly idealTree ├── babel-plugin-remove-console@1.0.1
63 silly idealTree ├── babel-plugin-remove-debugger@1.0.1
63 silly idealTree ├── babel-plugin-runtime@1.0.7
63 silly idealTree ├── babel-plugin-syntax-flow@6.18.0
63 silly idealTree ├── babel-plugin-syntax-jsx@6.18.0
63 silly idealTree ├── babel-plugin-transform-es2015-arrow-functions@6.22.0
63 silly idealTree ├── babel-plugin-transform-es2015-block-scoped-functions@6.22.0
63 silly idealTree ├── babel-plugin-transform-es2015-block-scoping@6.23.0
63 silly idealTree ├── babel-plugin-transform-es2015-classes@6.23.0
63 silly idealTree ├── babel-plugin-transform-es2015-computed-properties@6.22.0
63 silly idealTree ├── babel-plugin-transform-es2015-destructuring@6.23.0
63 silly idealTree ├── babel-plugin-transform-es2015-duplicate-keys@6.22.0
63 silly idealTree ├── babel-plugin-transform-es2015-for-of@6.23.0
63 silly idealTree ├── babel-plugin-transform-es2015-function-name@6.22.0
63 silly idealTree ├── babel-plugin-transform-es2015-literals@6.22.0
63 silly idealTree ├── babel-plugin-transform-es2015-modules-amd@6.22.0
63 silly idealTree ├── babel-plugin-transform-es2015-modules-commonjs@6.23.0
63 silly idealTree ├── babel-plugin-transform-es2015-modules-systemjs@6.23.0
63 silly idealTree ├── babel-plugin-transform-es2015-modules-umd@6.23.0
63 silly idealTree ├── babel-plugin-transform-es2015-object-super@6.22.0
63 silly idealTree ├── babel-plugin-transform-es2015-parameters@6.23.0
63 silly idealTree ├── babel-plugin-transform-es2015-shorthand-properties@6.22.0
63 silly idealTree ├── babel-plugin-transform-es2015-spread@6.22.0
63 silly idealTree ├── babel-plugin-transform-es2015-sticky-regex@6.22.0
63 silly idealTree ├── babel-plugin-transform-es2015-template-literals@6.22.0
63 silly idealTree ├── babel-plugin-transform-es2015-typeof-symbol@6.23.0
63 silly idealTree ├── babel-plugin-transform-es2015-unicode-regex@6.22.0
63 silly idealTree ├── babel-plugin-transform-flow-strip-types@6.22.0
63 silly idealTree ├── babel-plugin-transform-react-display-name@6.23.0
63 silly idealTree ├── babel-plugin-transform-react-jsx-self@6.22.0
63 silly idealTree ├── babel-plugin-transform-react-jsx-source@6.22.0
63 silly idealTree ├── babel-plugin-transform-react-jsx@6.23.0
63 silly idealTree ├── babel-plugin-transform-regenerator@6.22.0
63 silly idealTree ├── babel-plugin-transform-strict-mode@6.22.0
63 silly idealTree ├── babel-plugin-undeclared-variables-check@1.0.2
63 silly idealTree ├── babel-plugin-undefined-to-void@1.1.6
63 silly idealTree ├── babel-preset-es2015@6.22.0
63 silly idealTree ├── babel-preset-flow@6.23.0
63 silly idealTree ├── babel-preset-react@6.23.0
63 silly idealTree ├── babel-register@6.23.0
63 silly idealTree ├── babel-runtime@6.23.0
63 silly idealTree ├── babel-template@6.23.0
63 silly idealTree ├── babel-traverse@6.23.1
63 silly idealTree ├── babel-types@6.23.0
63 silly idealTree ├─┬ babel@5.8.38
63 silly idealTree │ ├── babel-core@5.8.38
63 silly idealTree │ ├── babylon@5.8.38
63 silly idealTree │ ├── core-js@1.2.7
63 silly idealTree │ ├── detect-indent@3.0.1
63 silly idealTree │ ├── globals@6.4.1
63 silly idealTree │ ├── home-or-tmp@1.0.0
63 silly idealTree │ ├── js-tokens@1.0.1
63 silly idealTree │ ├── json5@0.4.0
63 silly idealTree │ ├── lodash@3.10.1
63 silly idealTree │ ├── minimatch@2.0.10
63 silly idealTree │ ├── minimist@1.2.0
63 silly idealTree │ ├── path-exists@1.0.0
63 silly idealTree │ ├── repeating@1.1.3
63 silly idealTree │ └─┬ source-map-support@0.2.10
63 silly idealTree │   └── source-map@0.1.32
63 silly idealTree ├── babylon@6.16.1
63 silly idealTree ├── balanced-match@0.4.2
63 silly idealTree ├── base64-js@1.2.0
63 silly idealTree ├── bcrypt-pbkdf@1.0.1
63 silly idealTree ├── big.js@3.1.3
63 silly idealTree ├── binary-extensions@1.8.0
63 silly idealTree ├── bluebird@2.11.0
63 silly idealTree ├─┬ body-parser@1.14.2
63 silly idealTree │ ├── debug@2.2.0
63 silly idealTree │ ├── http-errors@1.3.1
63 silly idealTree │ ├── iconv-lite@0.4.13
63 silly idealTree │ ├── ms@0.7.1
63 silly idealTree │ └── qs@5.2.0
63 silly idealTree ├── boolbase@1.0.0
63 silly idealTree ├── boom@0.4.2
63 silly idealTree ├── bootstrap-social@5.1.1
63 silly idealTree ├── bootstrap@3.3.7
63 silly idealTree ├── brace-expansion@1.1.6
63 silly idealTree ├── braces@1.8.5
63 silly idealTree ├── breakable@1.0.0
63 silly idealTree ├── browserify-aes@0.4.0
63 silly idealTree ├── browserify-zlib@0.1.4
63 silly idealTree ├── buffer-shims@1.0.0
63 silly idealTree ├── buffer-writer@1.0.1
63 silly idealTree ├── buffer@4.9.1
63 silly idealTree ├── builtin-status-codes@3.0.0
63 silly idealTree ├── bytes@2.2.0
63 silly idealTree ├── camelcase@1.2.1
63 silly idealTree ├── canvas@1.6.4
63 silly idealTree ├── caseless@0.12.0
63 silly idealTree ├── center-align@0.1.3
63 silly idealTree ├── chalk@1.1.3
63 silly idealTree ├─┬ cheerio@0.22.0
63 silly idealTree │ └── lodash.defaults@4.2.0
63 silly idealTree ├── chokidar@1.6.1
63 silly idealTree ├─┬ cliui@2.1.0
63 silly idealTree │ └── wordwrap@0.0.2
63 silly idealTree ├── clone@1.0.2
63 silly idealTree ├── co@4.6.0
63 silly idealTree ├── combined-stream@0.0.7
63 silly idealTree ├── commander@2.9.0
63 silly idealTree ├── commondir@1.0.1
63 silly idealTree ├─┬ commoner@0.10.8
63 silly idealTree │ ├── esprima@3.1.3
63 silly idealTree │ └── recast@0.11.22
63 silly idealTree ├── concat-map@0.0.1
63 silly idealTree ├── configstore@1.4.0
63 silly idealTree ├── console-browserify@1.1.0
63 silly idealTree ├── constants-browserify@1.0.0
63 silly idealTree ├── content-disposition@0.5.2
63 silly idealTree ├── content-type@1.0.2
63 silly idealTree ├── convert-source-map@1.4.0
63 silly idealTree ├── cookie-signature@1.0.6
63 silly idealTree ├── cookie@0.3.1
63 silly idealTree ├── core-js@2.4.1
63 silly idealTree ├── core-util-is@1.0.2
63 silly idealTree ├── crc@3.4.4
63 silly idealTree ├── cross-env@3.2.3
63 silly idealTree ├── cross-spawn@5.1.0
63 silly idealTree ├── cryptiles@0.2.2
63 silly idealTree ├── crypto-browserify@3.3.0
63 silly idealTree ├── css-select@1.2.0
63 silly idealTree ├── css-what@2.1.0
63 silly idealTree ├── ctype@0.5.3
63 silly idealTree ├── d3-array@1.1.1
63 silly idealTree ├── d3-axis@1.0.6
63 silly idealTree ├── d3-brush@1.0.4
63 silly idealTree ├── d3-chord@1.0.4
63 silly idealTree ├── d3-cloud@1.2.4
63 silly idealTree ├── d3-collection@1.0.3
63 silly idealTree ├── d3-color@1.0.3
63 silly idealTree ├── d3-dispatch@1.0.3
63 silly idealTree ├── d3-drag@1.0.4
63 silly idealTree ├── d3-dsv@1.0.5
63 silly idealTree ├── d3-ease@1.0.3
63 silly idealTree ├── d3-force@1.0.6
63 silly idealTree ├── d3-format@1.1.1
63 silly idealTree ├── d3-geo@1.6.2
63 silly idealTree ├── d3-hierarchy@1.1.4
63 silly idealTree ├── d3-interpolate@1.1.4
63 silly idealTree ├── d3-path@1.0.5
63 silly idealTree ├── d3-polygon@1.0.3
63 silly idealTree ├── d3-quadtree@1.0.3
63 silly idealTree ├── d3-queue@3.0.5
63 silly idealTree ├── d3-random@1.0.3
63 silly idealTree ├── d3-request@1.0.5
63 silly idealTree ├── d3-scale@1.0.5
63 silly idealTree ├── d3-selection@1.0.5
63 silly idealTree ├── d3-shape@1.0.6
63 silly idealTree ├── d3-time-format@2.0.5
63 silly idealTree ├── d3-time@1.0.6
63 silly idealTree ├── d3-timer@1.0.5
63 silly idealTree ├── d3-transition@1.0.4
63 silly idealTree ├── d3-voronoi@1.1.2
63 silly idealTree ├── d3-zoom@1.1.3
63 silly idealTree ├─┬ d3.layout.cloud@1.2.0
63 silly idealTree │ └── d3-dispatch@0.2.6
63 silly idealTree ├── d3@4.7.2
63 silly idealTree ├─┬ dashdash@1.14.1
63 silly idealTree │ └── assert-plus@1.0.0
63 silly idealTree ├── date-now@0.1.4
63 silly idealTree ├── debug@2.6.2
63 silly idealTree ├── decamelize@1.2.0
63 silly idealTree ├── deep-diff@0.3.4
63 silly idealTree ├── deep-equal@1.0.1
63 silly idealTree ├── deep-extend@0.4.1
63 silly idealTree ├── defined@1.0.0
63 silly idealTree ├─┬ defs@1.1.1
63 silly idealTree │ ├── window-size@0.1.4
63 silly idealTree │ └── yargs@3.27.0
63 silly idealTree ├── delayed-stream@0.0.5
63 silly idealTree ├── depd@1.1.0
63 silly idealTree ├── destroy@1.0.4
63 silly idealTree ├── detect-indent@4.0.0
63 silly idealTree ├─┬ detective@4.5.0
63 silly idealTree │ └── acorn@4.0.11
63 silly idealTree ├─┬ dom-serializer@0.1.0
63 silly idealTree │ └── domelementtype@1.1.3
63 silly idealTree ├── domain-browser@1.1.7
63 silly idealTree ├── domelementtype@1.3.0
63 silly idealTree ├── domhandler@2.3.0
63 silly idealTree ├── domutils@1.5.1
63 silly idealTree ├── dottie@1.1.1
63 silly idealTree ├── duplexer@0.1.1
63 silly idealTree ├── duplexify@3.5.0
63 silly idealTree ├── ecc-jsbn@0.1.1
63 silly idealTree ├── ee-first@1.1.1
63 silly idealTree ├── elasticsearch@12.1.3
63 silly idealTree ├── emojis-list@2.1.0
63 silly idealTree ├── encodeurl@1.0.1
63 silly idealTree ├── encoding@0.1.12
63 silly idealTree ├── end-of-stream@1.0.0
63 silly idealTree ├─┬ enhanced-resolve@0.9.1
63 silly idealTree │ └── memory-fs@0.2.0
63 silly idealTree ├── entities@1.1.1
63 silly idealTree ├── errno@0.1.4
63 silly idealTree ├── es6-promise@3.3.1
63 silly idealTree ├── escape-html@1.0.3
63 silly idealTree ├── escape-string-regexp@1.0.5
63 silly idealTree ├── eslint-formatter-pretty@1.1.0
63 silly idealTree ├── esprima-fb@15001.1001.0-dev-harmony-fb
63 silly idealTree ├── esutils@2.0.2
63 silly idealTree ├── etag@1.8.0
63 silly idealTree ├── event-stream@3.3.4
63 silly idealTree ├── events@1.1.1
63 silly idealTree ├── expand-brackets@0.1.5
63 silly idealTree ├── expand-range@1.8.2
63 silly idealTree ├─┬ express-session@1.15.1
63 silly idealTree │ └── debug@2.6.1
63 silly idealTree ├─┬ express@4.15.2
63 silly idealTree │ └── debug@2.6.1
63 silly idealTree ├── extend@3.0.0
63 silly idealTree ├── extglob@0.3.2
63 silly idealTree ├── extsprintf@1.0.2
63 silly idealTree ├── faye-websocket@0.10.0
63 silly idealTree ├─┬ fbjs@0.8.9
63 silly idealTree │ └── core-js@1.2.7
63 silly idealTree ├── filename-regex@2.0.0
63 silly idealTree ├── filesize@3.5.6
63 silly idealTree ├── fill-range@2.2.3
63 silly idealTree ├─┬ finalhandler@1.0.0
63 silly idealTree │ └── debug@2.6.1
63 silly idealTree ├── find-cache-dir@0.1.1
63 silly idealTree ├── find-up@1.1.2
63 silly idealTree ├── follow-redirects@1.0.0
63 silly idealTree ├── font-awesome@4.7.0
63 silly idealTree ├── for-in@1.0.2
63 silly idealTree ├── for-own@0.1.5
63 silly idealTree ├── forever-agent@0.6.1
63 silly idealTree ├─┬ form-data@0.1.4
63 silly idealTree │ ├── async@0.9.2
63 silly idealTree │ └── mime@1.2.11
63 silly idealTree ├── forwarded@0.1.0
63 silly idealTree ├── fresh@0.5.0
63 silly idealTree ├── from@0.1.3
63 silly idealTree ├── fs-misc@2.0.0
63 silly idealTree ├── fs-readdir-recursive@0.1.2
63 silly idealTree ├─┬ fsevents@1.1.1
63 silly idealTree │ ├── abbrev@1.1.0
63 silly idealTree │ ├── ansi-regex@2.1.1
63 silly idealTree │ ├── ansi-styles@2.2.1
63 silly idealTree │ ├── aproba@1.1.1
63 silly idealTree │ ├── are-we-there-yet@1.1.2
63 silly idealTree │ ├── asn1@0.2.3
63 silly idealTree │ ├── assert-plus@0.2.0
63 silly idealTree │ ├── asynckit@0.4.0
63 silly idealTree │ ├── aws-sign2@0.6.0
63 silly idealTree │ ├── aws4@1.6.0
63 silly idealTree │ ├── balanced-match@0.4.2
63 silly idealTree │ ├── bcrypt-pbkdf@1.0.1
63 silly idealTree │ ├── block-stream@0.0.9
63 silly idealTree │ ├── boom@2.10.1
63 silly idealTree │ ├── brace-expansion@1.1.6
63 silly idealTree │ ├── buffer-shims@1.0.0
63 silly idealTree │ ├── caseless@0.11.0
63 silly idealTree │ ├── chalk@1.1.3
63 silly idealTree │ ├── code-point-at@1.1.0
63 silly idealTree │ ├── combined-stream@1.0.5
63 silly idealTree │ ├── commander@2.9.0
63 silly idealTree │ ├── concat-map@0.0.1
63 silly idealTree │ ├── console-control-strings@1.1.0
63 silly idealTree │ ├── core-util-is@1.0.2
63 silly idealTree │ ├── cryptiles@2.0.5
63 silly idealTree │ ├─┬ dashdash@1.14.1
63 silly idealTree │ │ └── assert-plus@1.0.0
63 silly idealTree │ ├── debug@2.2.0
63 silly idealTree │ ├── deep-extend@0.4.1
63 silly idealTree │ ├── delayed-stream@1.0.0
63 silly idealTree │ ├── delegates@1.0.0
63 silly idealTree │ ├── ecc-jsbn@0.1.1
63 silly idealTree │ ├── escape-string-regexp@1.0.5
63 silly idealTree │ ├── extend@3.0.0
63 silly idealTree │ ├── extsprintf@1.0.2
63 silly idealTree │ ├── forever-agent@0.6.1
63 silly idealTree │ ├── form-data@2.1.2
63 silly idealTree │ ├── fs.realpath@1.0.0
63 silly idealTree │ ├── fstream-ignore@1.0.5
63 silly idealTree │ ├── fstream@1.0.10
63 silly idealTree │ ├── gauge@2.7.3
63 silly idealTree │ ├── generate-function@2.0.0
63 silly idealTree │ ├── generate-object-property@1.2.0
63 silly idealTree │ ├─┬ getpass@0.1.6
63 silly idealTree │ │ └── assert-plus@1.0.0
63 silly idealTree │ ├── glob@7.1.1
63 silly idealTree │ ├── graceful-fs@4.1.11
63 silly idealTree │ ├── graceful-readlink@1.0.1
63 silly idealTree │ ├── har-validator@2.0.6
63 silly idealTree │ ├── has-ansi@2.0.0
63 silly idealTree │ ├── has-unicode@2.0.1
63 silly idealTree │ ├── hawk@3.1.3
63 silly idealTree │ ├── hoek@2.16.3
63 silly idealTree │ ├── http-signature@1.1.1
63 silly idealTree │ ├── inflight@1.0.6
63 silly idealTree │ ├── inherits@2.0.3
63 silly idealTree │ ├── ini@1.3.4
63 silly idealTree │ ├── is-fullwidth-code-point@1.0.0
63 silly idealTree │ ├── is-my-json-valid@2.15.0
63 silly idealTree │ ├── is-property@1.0.2
63 silly idealTree │ ├── is-typedarray@1.0.0
63 silly idealTree │ ├── isarray@1.0.0
63 silly idealTree │ ├── isstream@0.1.2
63 silly idealTree │ ├── jodid25519@1.0.2
63 silly idealTree │ ├── jsbn@0.1.1
63 silly idealTree │ ├── json-schema@0.2.3
63 silly idealTree │ ├── json-stringify-safe@5.0.1
63 silly idealTree │ ├── jsonpointer@4.0.1
63 silly idealTree │ ├── jsprim@1.3.1
63 silly idealTree │ ├── mime-db@1.26.0
63 silly idealTree │ ├── mime-types@2.1.14
63 silly idealTree │ ├── minimatch@3.0.3
63 silly idealTree │ ├── minimist@0.0.8
63 silly idealTree │ ├── mkdirp@0.5.1
63 silly idealTree │ ├── ms@0.7.1
63 silly idealTree │ ├── node-pre-gyp@0.6.33
63 silly idealTree │ ├── nopt@3.0.6
63 silly idealTree │ ├── npmlog@4.0.2
63 silly idealTree │ ├── number-is-nan@1.0.1
63 silly idealTree │ ├── oauth-sign@0.8.2
63 silly idealTree │ ├── object-assign@4.1.1
63 silly idealTree │ ├── once@1.4.0
63 silly idealTree │ ├── path-is-absolute@1.0.1
63 silly idealTree │ ├── pinkie-promise@2.0.1
63 silly idealTree │ ├── pinkie@2.0.4
63 silly idealTree │ ├── process-nextick-args@1.0.7
63 silly idealTree │ ├── punycode@1.4.1
63 silly idealTree │ ├── qs@6.3.1
63 silly idealTree │ ├─┬ rc@1.1.7
63 silly idealTree │ │ └── minimist@1.2.0
63 silly idealTree │ ├── readable-stream@2.2.2
63 silly idealTree │ ├── request@2.79.0
63 silly idealTree │ ├── rimraf@2.5.4
63 silly idealTree │ ├── semver@5.3.0
63 silly idealTree │ ├── set-blocking@2.0.0
63 silly idealTree │ ├── signal-exit@3.0.2
63 silly idealTree │ ├── sntp@1.0.9
63 silly idealTree │ ├─┬ sshpk@1.10.2
63 silly idealTree │ │ └── assert-plus@1.0.0
63 silly idealTree │ ├── string_decoder@0.10.31
63 silly idealTree │ ├── string-width@1.0.2
63 silly idealTree │ ├── stringstream@0.0.5
63 silly idealTree │ ├── strip-ansi@3.0.1
63 silly idealTree │ ├── strip-json-comments@2.0.1
63 silly idealTree │ ├── supports-color@2.0.0
63 silly idealTree │ ├─┬ tar-pack@3.3.0
63 silly idealTree │ │ ├── once@1.3.3
63 silly idealTree │ │ └── readable-stream@2.1.5
63 silly idealTree │ ├── tar@2.2.1
63 silly idealTree │ ├── tough-cookie@2.3.2
63 silly idealTree │ ├── tunnel-agent@0.4.3
63 silly idealTree │ ├── tweetnacl@0.14.5
63 silly idealTree │ ├── uid-number@0.0.6
63 silly idealTree │ ├── util-deprecate@1.0.2
63 silly idealTree │ ├── uuid@3.0.1
63 silly idealTree │ ├── verror@1.3.6
63 silly idealTree │ ├── wide-align@1.1.0
63 silly idealTree │ ├── wrappy@1.0.2
63 silly idealTree │ └── xtend@4.0.1
63 silly idealTree ├── generic-pool@2.4.2
63 silly idealTree ├── get-stdin@4.0.1
63 silly idealTree ├─┬ getpass@0.1.6
63 silly idealTree │ └── assert-plus@1.0.0
63 silly idealTree ├── glob-base@0.3.0
63 silly idealTree ├── glob-parent@2.0.0
63 silly idealTree ├── glob@5.0.15
63 silly idealTree ├── globals@9.16.0
63 silly idealTree ├─┬ got@3.3.1
63 silly idealTree │ └── object-assign@3.0.0
63 silly idealTree ├── graceful-fs@4.1.11
63 silly idealTree ├── graceful-readlink@1.0.1
63 silly idealTree ├── har-schema@1.0.5
63 silly idealTree ├── har-validator@4.2.1
63 silly idealTree ├── has-ansi@2.0.0
63 silly idealTree ├── has-flag@1.0.0
63 silly idealTree ├── hawk@1.0.0
63 silly idealTree ├─┬ history@2.1.2
63 silly idealTree │ └── warning@2.1.0
63 silly idealTree ├── hoek@0.9.1
63 silly idealTree ├── hoist-non-react-statics@1.2.0
63 silly idealTree ├── home-or-tmp@2.0.0
63 silly idealTree ├── htmlparser2@3.9.2
63 silly idealTree ├── http-errors@1.6.1
63 silly idealTree ├── http-signature@0.10.1
63 silly idealTree ├── https-browserify@0.0.1
63 silly idealTree ├── iconv-lite@0.4.15
63 silly idealTree ├── ieee754@1.1.8
63 silly idealTree ├── ignore-by-default@1.0.1
63 silly idealTree ├── imurmurhash@0.1.4
63 silly idealTree ├── indexof@0.0.1
63 silly idealTree ├── infinity-agent@2.0.3
63 silly idealTree ├── inflection@1.12.0
63 silly idealTree ├── inflight@1.0.6
63 silly idealTree ├── inherits@2.0.3
63 silly idealTree ├── ini@1.3.4
63 silly idealTree ├── interpret@0.6.6
63 silly idealTree ├── invariant@2.2.2
63 silly idealTree ├── invert-kv@1.0.0
63 silly idealTree ├── ipaddr.js@1.2.0
63 silly idealTree ├── irregular-plurals@1.2.0
63 silly idealTree ├── is-binary-path@1.0.1
63 silly idealTree ├── is-buffer@1.1.5
63 silly idealTree ├── is-dotfile@1.0.2
63 silly idealTree ├── is-equal-shallow@0.1.3
63 silly idealTree ├── is-extendable@0.1.1
63 silly idealTree ├── is-extglob@1.0.0
63 silly idealTree ├── is-finite@1.0.2
63 silly idealTree ├── is-fullwidth-code-point@2.0.0
63 silly idealTree ├── is-glob@2.0.1
63 silly idealTree ├── is-integer@1.0.6
63 silly idealTree ├── is-npm@1.0.0
63 silly idealTree ├── is-number@2.1.0
63 silly idealTree ├── is-posix-bracket@0.1.1
63 silly idealTree ├── is-primitive@2.0.0
63 silly idealTree ├── is-redirect@1.0.0
63 silly idealTree ├── is-stream@1.1.0
63 silly idealTree ├── is-typedarray@1.0.0
63 silly idealTree ├── is-windows@1.0.0
63 silly idealTree ├── isarray@1.0.0
63 silly idealTree ├── isexe@1.1.2
63 silly idealTree ├── isobject@2.1.0
63 silly idealTree ├── isomorphic-fetch@2.2.1
63 silly idealTree ├── isstream@0.1.2
63 silly idealTree ├── jodid25519@1.0.2
63 silly idealTree ├── jquery@3.1.1
63 silly idealTree ├── js-tokens@3.0.1
63 silly idealTree ├── jsbn@0.1.1
63 silly idealTree ├── jsesc@1.3.0
63 silly idealTree ├── json-schema@0.2.3
63 silly idealTree ├── json-stable-stringify@1.0.1
63 silly idealTree ├── json-stringify-safe@5.0.1
63 silly idealTree ├── json5@0.5.1
63 silly idealTree ├── jsonify@0.0.0
63 silly idealTree ├── jsprim@1.3.1
63 silly idealTree ├── kind-of@3.1.0
63 silly idealTree ├── latest-version@1.0.1
63 silly idealTree ├── lazy-cache@1.0.4
63 silly idealTree ├── lcid@1.0.0
63 silly idealTree ├── leven@1.0.2
63 silly idealTree ├── livereload-js@2.2.2
63 silly idealTree ├── loader-utils@0.2.17
63 silly idealTree ├── lodash-es@4.17.4
63 silly idealTree ├── lodash._baseassign@3.2.0
63 silly idealTree ├── lodash._basecopy@3.0.1
63 silly idealTree ├── lodash._bindcallback@3.0.1
63 silly idealTree ├── lodash._createassigner@3.1.1
63 silly idealTree ├── lodash._getnative@3.9.1
63 silly idealTree ├── lodash._isiterateecall@3.0.9
63 silly idealTree ├── lodash.assign@3.2.0
63 silly idealTree ├── lodash.assignin@4.2.0
63 silly idealTree ├── lodash.bind@4.2.1
63 silly idealTree ├── lodash.defaults@3.1.2
63 silly idealTree ├── lodash.filter@4.6.0
63 silly idealTree ├── lodash.flatten@4.4.0
63 silly idealTree ├── lodash.foreach@4.5.0
63 silly idealTree ├── lodash.isarguments@3.1.0
63 silly idealTree ├── lodash.isarray@3.0.4
63 silly idealTree ├── lodash.keys@3.1.2
63 silly idealTree ├── lodash.map@4.6.0
63 silly idealTree ├── lodash.merge@4.6.0
63 silly idealTree ├── lodash.pick@4.4.0
63 silly idealTree ├── lodash.reduce@4.6.0
63 silly idealTree ├── lodash.reject@4.6.0
63 silly idealTree ├── lodash.restparam@3.6.1
63 silly idealTree ├── lodash.some@4.6.0
63 silly idealTree ├── lodash@4.17.4
63 silly idealTree ├── log-symbols@1.0.2
63 silly idealTree ├── longest@1.0.1
63 silly idealTree ├── loose-envify@1.3.1
63 silly idealTree ├── lowercase-keys@1.0.0
63 silly idealTree ├── lru-cache@4.0.2
63 silly idealTree ├── map-stream@0.1.0
63 silly idealTree ├── marked@0.3.6
63 silly idealTree ├── media-typer@0.3.0
63 silly idealTree ├── memory-fs@0.3.0
63 silly idealTree ├── merge-descriptors@1.0.1
63 silly idealTree ├── methods@1.1.2
63 silly idealTree ├── micromatch@2.3.11
63 silly idealTree ├── mime-db@1.26.0
63 silly idealTree ├── mime-types@2.1.14
63 silly idealTree ├── mime@1.3.4
63 silly idealTree ├── minimatch@3.0.3
63 silly idealTree ├── minimist@0.0.8
63 silly idealTree ├── mkdirp@0.5.1
63 silly idealTree ├── moment-timezone@0.5.11
63 silly idealTree ├── moment@2.17.1
63 silly idealTree ├── ms@0.7.2
63 silly idealTree ├── nan@2.5.1
63 silly idealTree ├── negotiator@0.6.1
63 silly idealTree ├── nested-error-stacks@1.0.2
63 silly idealTree ├── node-fetch@1.6.3
63 silly idealTree ├── node-libs-browser@0.7.0
63 silly idealTree ├── node-uuid@1.4.7
63 silly idealTree ├── nodemon@1.11.0
63 silly idealTree ├── nopt@1.0.10
63 silly idealTree ├── normalize-path@2.0.1
63 silly idealTree ├── nth-check@1.0.1
63 silly idealTree ├── number-is-nan@1.0.1
63 silly idealTree ├── oauth-sign@0.3.0
63 silly idealTree ├── oauth@0.9.15
63 silly idealTree ├── object-assign@4.1.1
63 silly idealTree ├── object.omit@2.0.1
63 silly idealTree ├── on-finished@2.3.0
63 silly idealTree ├── on-headers@1.0.1
63 silly idealTree ├── once@1.3.3
63 silly idealTree ├── optimist@0.6.1
63 silly idealTree ├── os-browserify@0.2.1
63 silly idealTree ├── os-homedir@1.0.2
63 silly idealTree ├── os-locale@1.4.0
63 silly idealTree ├── os-tmpdir@1.0.2
63 silly idealTree ├── osenv@0.1.4
63 silly idealTree ├── output-file-sync@1.1.2
63 silly idealTree ├── package-json@1.2.0
63 silly idealTree ├── packet-reader@0.2.0
63 silly idealTree ├── pako@0.2.9
63 silly idealTree ├── parse-glob@3.0.4
63 silly idealTree ├── parseurl@1.3.1
63 silly idealTree ├── passport-google-oauth@1.0.0
63 silly idealTree ├── passport-google-oauth1@1.0.0
63 silly idealTree ├── passport-google-oauth20@1.0.0
63 silly idealTree ├── passport-oauth1@1.1.0
63 silly idealTree ├── passport-oauth2@1.4.0
63 silly idealTree ├── passport-strategy@1.0.0
63 silly idealTree ├── passport@0.3.2
63 silly idealTree ├── path-browserify@0.0.0
63 silly idealTree ├── path-exists@2.1.0
63 silly idealTree ├── path-is-absolute@1.0.1
63 silly idealTree ├── path-parse@1.0.5
63 silly idealTree ├── path-to-regexp@0.1.7
63 silly idealTree ├── pause-stream@0.0.11
63 silly idealTree ├── pause@0.0.1
63 silly idealTree ├── pbkdf2-compat@2.0.1
63 silly idealTree ├── performance-now@0.2.0
63 silly idealTree ├── pg-connection-string@0.1.3
63 silly idealTree ├── pg-types@1.11.0
63 silly idealTree ├─┬ pg@4.5.6
63 silly idealTree │ └── semver@4.3.6
63 silly idealTree ├── pgpass@0.0.3
63 silly idealTree ├── pinkie-promise@2.0.1
63 silly idealTree ├── pinkie@2.0.4
63 silly idealTree ├── pkg-dir@1.0.0
63 silly idealTree ├── plur@2.1.2
63 silly idealTree ├── postgres-array@1.0.2
63 silly idealTree ├── postgres-bytea@1.0.0
63 silly idealTree ├── postgres-date@1.0.3
63 silly idealTree ├── postgres-interval@1.0.2
63 silly idealTree ├── prepend-http@1.0.4
63 silly idealTree ├── preserve@0.2.0
63 silly idealTree ├── private@0.1.7
63 silly idealTree ├── process-nextick-args@1.0.7
63 silly idealTree ├── process@0.11.9
63 silly idealTree ├── promise@7.1.1
63 silly idealTree ├─┬ promisified-request@0.0.3
63 silly idealTree │ ├── forever-agent@0.5.2
63 silly idealTree │ ├── mime@1.2.11
63 silly idealTree │ ├── qs@0.6.6
63 silly idealTree │ └── request@2.30.0
63 silly idealTree ├── promisifier@0.1.4
63 silly idealTree ├── proxy-addr@1.1.3
63 silly idealTree ├── prr@0.0.0
63 silly idealTree ├── ps-tree@1.1.0
63 silly idealTree ├── pseudomap@1.0.2
63 silly idealTree ├── punycode@1.4.1
63 silly idealTree ├── q@1.4.1
63 silly idealTree ├── qs@6.4.0
63 silly idealTree ├── query-string@3.0.3
63 silly idealTree ├── querystring-es3@0.2.1
63 silly idealTree ├── querystring@0.2.0
63 silly idealTree ├── random-bytes@1.0.0
63 silly idealTree ├── randomatic@1.1.6
63 silly idealTree ├── range-parser@1.2.0
63 silly idealTree ├─┬ raw-body@2.1.7
63 silly idealTree │ ├── bytes@2.4.0
63 silly idealTree │ └── iconv-lite@0.4.13
63 silly idealTree ├─┬ rc@1.1.7
63 silly idealTree │ └── minimist@1.2.0
63 silly idealTree ├── react-contenteditable@2.0.2
63 silly idealTree ├── react-dom@15.4.2
63 silly idealTree ├── react-redux@4.4.6
63 silly idealTree ├── react-router@2.8.1
63 silly idealTree ├── react@15.4.2
63 silly idealTree ├── read-all-stream@3.1.0
63 silly idealTree ├── readable-stream@2.2.3
63 silly idealTree ├── readdirp@2.1.0
63 silly idealTree ├─┬ recast@0.10.33
63 silly idealTree │ └── ast-types@0.8.12
63 silly idealTree ├── redux-devtools-extension@1.0.0
63 silly idealTree ├── redux-logger@2.8.2
63 silly idealTree ├── redux-thunk@2.2.0
63 silly idealTree ├── redux@3.6.0
63 silly idealTree ├── regenerate@1.3.2
63 silly idealTree ├── regenerator-runtime@0.10.3
63 silly idealTree ├── regenerator-transform@0.9.8
63 silly idealTree ├── regenerator@0.8.40
63 silly idealTree ├── regex-cache@0.4.3
63 silly idealTree ├── regexpu-core@2.0.0
63 silly idealTree ├─┬ regexpu@1.3.0
63 silly idealTree │ └── esprima@2.7.3
63 silly idealTree ├── registry-url@3.1.0
63 silly idealTree ├── regjsgen@0.2.0
63 silly idealTree ├─┬ regjsparser@0.1.5
63 silly idealTree │ └── jsesc@0.5.0
63 silly idealTree ├── repeat-element@1.1.2
63 silly idealTree ├── repeat-string@1.6.1
63 silly idealTree ├── repeating@2.0.1
63 silly idealTree ├─┬ request@2.81.0
63 silly idealTree │ ├── assert-plus@0.2.0
63 silly idealTree │ ├── aws-sign2@0.6.0
63 silly idealTree │ ├── boom@2.10.1
63 silly idealTree │ ├── combined-stream@1.0.5
63 silly idealTree │ ├── cryptiles@2.0.5
63 silly idealTree │ ├── delayed-stream@1.0.0
63 silly idealTree │ ├── form-data@2.1.2
63 silly idealTree │ ├── hawk@3.1.3
63 silly idealTree │ ├── hoek@2.16.3
63 silly idealTree │ ├── http-signature@1.1.1
63 silly idealTree │ ├── oauth-sign@0.8.2
63 silly idealTree │ ├── sntp@1.0.9
63 silly idealTree │ ├── tough-cookie@2.3.2
63 silly idealTree │ ├── tunnel-agent@0.6.0
63 silly idealTree │ └── uuid@3.0.1
63 silly idealTree ├── resolve@1.3.2
63 silly idealTree ├─┬ retry-as-promised@2.2.0
63 silly idealTree │ └── bluebird@3.5.0
63 silly idealTree ├── right-align@0.1.3
63 silly idealTree ├── ripemd160@0.2.0
63 silly idealTree ├── rw@1.3.3
63 silly idealTree ├── safe-buffer@5.0.1
63 silly idealTree ├── semver-diff@2.1.0
63 silly idealTree ├── semver@5.3.0
63 silly idealTree ├─┬ send@0.15.1
63 silly idealTree │ └── debug@2.6.1
63 silly idealTree ├─┬ sequelize@3.30.2
63 silly idealTree │ ├── bluebird@3.5.0
63 silly idealTree │ ├── lodash@4.12.0
63 silly idealTree │ └── uuid@3.0.1
63 silly idealTree ├── serve-static@1.12.1
63 silly idealTree ├── set-immediate-shim@1.0.1
63 silly idealTree ├── setimmediate@1.0.5
63 silly idealTree ├── setprototypeof@1.0.3
63 silly idealTree ├── sha.js@2.2.6
63 silly idealTree ├── shebang-command@1.2.0
63 silly idealTree ├── shebang-regex@1.0.0
63 silly idealTree ├── shimmer@1.1.0
63 silly idealTree ├── simple-fmt@0.1.0
63 silly idealTree ├── simple-is@0.2.0
63 silly idealTree ├── slash@1.0.0
63 silly idealTree ├── slide@1.1.6
63 silly idealTree ├── sntp@0.2.4
63 silly idealTree ├── source-list-map@0.1.8
63 silly idealTree ├── source-map-support@0.4.11
63 silly idealTree ├── source-map@0.5.6
63 silly idealTree ├── split@0.3.3
63 silly idealTree ├─┬ sshpk@1.11.0
63 silly idealTree │ ├── asn1@0.2.3
63 silly idealTree │ └── assert-plus@1.0.0
63 silly idealTree ├── stable@0.1.5
63 silly idealTree ├── statuses@1.3.1
63 silly idealTree ├── stream-browserify@2.0.1
63 silly idealTree ├── stream-combiner@0.0.4
63 silly idealTree ├── stream-http@2.6.3
63 silly idealTree ├── stream-shift@1.0.0
63 silly idealTree ├── strict-uri-encode@1.1.0
63 silly idealTree ├── string_decoder@0.10.31
63 silly idealTree ├── string-length@1.0.1
63 silly idealTree ├── string-width@2.0.0
63 silly idealTree ├── stringmap@0.2.2
63 silly idealTree ├── stringset@0.2.1
63 silly idealTree ├── stringstream@0.0.5
63 silly idealTree ├── strip-ansi@3.0.1
63 silly idealTree ├── strip-json-comments@2.0.1
63 silly idealTree ├── supports-color@2.0.0
63 silly idealTree ├── symbol-observable@1.0.4
63 silly idealTree ├── tapable@0.1.10
63 silly idealTree ├── terraformer-wkt-parser@1.1.2
63 silly idealTree ├── terraformer@1.0.7
63 silly idealTree ├── through@2.3.8
63 silly idealTree ├── timed-out@2.0.0
63 silly idealTree ├── timers-browserify@2.0.2
63 silly idealTree ├─┬ tiny-lr@0.2.1
63 silly idealTree │ ├── debug@2.2.0
63 silly idealTree │ ├── ms@0.7.1
63 silly idealTree │ └── qs@5.1.0
63 silly idealTree ├── to-arraybuffer@1.0.1
63 silly idealTree ├── to-fast-properties@1.0.2
63 silly idealTree ├── toposort-class@1.0.1
63 silly idealTree ├── touch@1.0.0
63 silly idealTree ├── tough-cookie@0.9.15
63 silly idealTree ├── trim-right@1.0.1
63 silly idealTree ├── try-resolve@1.0.1
63 silly idealTree ├── tryor@0.1.2
63 silly idealTree ├── tty-browserify@0.0.0
63 silly idealTree ├── tunnel-agent@0.3.0
63 silly idealTree ├── tweetnacl@0.14.5
63 silly idealTree ├── type-is@1.6.14
63 silly idealTree ├── ua-parser-js@0.7.12
63 silly idealTree ├─┬ uglify-js@2.7.5
63 silly idealTree │ └── async@0.2.10
63 silly idealTree ├── uglify-to-browserify@1.0.2
63 silly idealTree ├── uid-safe@2.1.4
63 silly idealTree ├── uid2@0.0.3
63 silly idealTree ├── undefsafe@0.0.3
63 silly idealTree ├── unpipe@1.0.0
63 silly idealTree ├─┬ update-notifier@0.5.0
63 silly idealTree │ └── repeating@1.1.3
63 silly idealTree ├─┬ url@0.11.0
63 silly idealTree │ └── punycode@1.3.2
63 silly idealTree ├── user-home@1.1.1
63 silly idealTree ├── util-deprecate@1.0.2
63 silly idealTree ├─┬ util@0.10.3
63 silly idealTree │ └── inherits@2.0.1
63 silly idealTree ├── utils-merge@1.0.0
63 silly idealTree ├── uuid@2.0.3
63 silly idealTree ├── validator@5.7.0
63 silly idealTree ├── vary@1.1.0
63 silly idealTree ├── verror@1.3.6
63 silly idealTree ├── vm-browserify@0.0.4
63 silly idealTree ├── volleyball@1.4.1
63 silly idealTree ├── warning@3.0.0
63 silly idealTree ├─┬ watchpack@0.2.9
63 silly idealTree │ └── async@0.9.2
63 silly idealTree ├─┬ webpack-core@0.6.9
63 silly idealTree │ └── source-map@0.4.4
63 silly idealTree ├── webpack-livereload-plugin@0.10.0
63 silly idealTree ├─┬ webpack@1.14.0
63 silly idealTree │ └── supports-color@3.2.3
63 silly idealTree ├── websocket-driver@0.6.5
63 silly idealTree ├── websocket-extensions@0.1.1
63 silly idealTree ├── whatwg-fetch@2.0.3
63 silly idealTree ├── when@2.7.1
63 silly idealTree ├── which@1.2.12
63 silly idealTree ├── window-size@0.1.0
63 silly idealTree ├── wkx@0.2.0
63 silly idealTree ├── wordwrap@0.0.3
63 silly idealTree ├── wrappy@1.0.2
63 silly idealTree ├── write-file-atomic@1.3.1
63 silly idealTree ├── xdg-basedir@2.0.0
63 silly idealTree ├── xmlhttprequest@1.8.0
63 silly idealTree ├── xtend@4.0.1
63 silly idealTree ├── y18n@3.2.1
63 silly idealTree ├── yallist@2.0.0
63 silly idealTree └── yargs@3.10.0
64 silly generateActionsToTake Starting
65 silly install generateActionsToTake
66 silly generateActionsToTake Finishing
67 silly diffTrees action count 1
68 silly diffTrees add canvas@1.6.4
69 silly decomposeActions action count 8
70 silly decomposeActions fetch canvas@1.6.4
71 silly decomposeActions extract canvas@1.6.4
72 silly decomposeActions test canvas@1.6.4
73 silly decomposeActions preinstall canvas@1.6.4
74 silly decomposeActions build canvas@1.6.4
75 silly decomposeActions install canvas@1.6.4
76 silly decomposeActions postinstall canvas@1.6.4
77 silly decomposeActions finalize canvas@1.6.4
78 silly runTopLevelLifecycles Starting
79 silly executeActions Starting
80 silly install executeActions
81 silly doSerial global-install 0
82 silly doParallel fetch 1
83 verbose correctMkdir /Users/JustinZhou/.npm/_locks correctMkdir not in flight; initializing
84 verbose lock using /Users/JustinZhou/.npm/_locks/staging-f0c4313db08735f5.lock for /Users/JustinZhou/Documents/Programming/Fullstack/Senior/Horizon/node_modules/.staging
85 silly doParallel extract 1
86 silly extract canvas@1.6.4
87 verbose unbuild node_modules/.staging/canvas-759b9c26
88 silly gentlyRm /Users/JustinZhou/Documents/Programming/Fullstack/Senior/Horizon/node_modules/.staging/canvas-759b9c26 is being purged from base /Users/JustinZhou/Documents/Programming/Fullstack/Senior/Horizon
89 verbose gentlyRm don't care about contents; nuking /Users/JustinZhou/Documents/Programming/Fullstack/Senior/Horizon/node_modules/.staging/canvas-759b9c26
90 verbose tar unpack /Users/JustinZhou/.npm/canvas/1.6.4/package.tgz
91 verbose tar unpacking to /Users/JustinZhou/Documents/Programming/Fullstack/Senior/Horizon/node_modules/.staging/canvas-759b9c26
92 silly gentlyRm /Users/JustinZhou/Documents/Programming/Fullstack/Senior/Horizon/node_modules/.staging/canvas-759b9c26 is being purged
93 verbose gentlyRm don't care about contents; nuking /Users/JustinZhou/Documents/Programming/Fullstack/Senior/Horizon/node_modules/.staging/canvas-759b9c26
94 silly gunzTarPerm modes [ '755', '644' ]
95 silly gunzTarPerm extractEntry package.json
96 silly gunzTarPerm extractEntry .npmignore
97 silly gunzTarPerm extractEntry index.js
98 silly gunzTarPerm extractEntry .travis.yml
99 silly gunzTarPerm extractEntry History.md
100 silly gunzTarPerm extractEntry Readme.md
101 silly gunzTarPerm extractEntry binding.gyp
102 silly gunzTarPerm extractEntry .github/ISSUE_TEMPLATE.md
103 silly gunzTarPerm extractEntry lib/bindings.js
104 silly gunzTarPerm extractEntry lib/canvas.js
105 silly gunzTarPerm extractEntry lib/context2d.js
106 silly gunzTarPerm extractEntry lib/image.js
107 silly gunzTarPerm extractEntry lib/jpegstream.js
108 silly gunzTarPerm extractEntry lib/pdfstream.js
109 silly gunzTarPerm extractEntry lib/pngstream.js
110 silly gunzTarPerm extractEntry src/Image.cc
111 silly gunzTarPerm extractEntry src/Canvas.cc
112 silly gunzTarPerm extractEntry src/CanvasGradient.cc
113 silly gunzTarPerm extractEntry src/CanvasGradient.h
114 silly gunzTarPerm extractEntry src/CanvasPattern.cc
115 silly gunzTarPerm extractEntry src/CanvasPattern.h
116 silly gunzTarPerm extractEntry src/CanvasRenderingContext2d.cc
117 silly gunzTarPerm extractEntry src/CanvasRenderingContext2d.h
118 silly gunzTarPerm extractEntry src/FontFace.cc
119 silly gunzTarPerm extractEntry src/FontFace.h
120 silly gunzTarPerm extractEntry src/Canvas.h
121 silly gunzTarPerm extractEntry src/Image.h
122 silly gunzTarPerm extractEntry src/ImageData.cc
123 silly gunzTarPerm extractEntry src/ImageData.h
124 silly gunzTarPerm extractEntry src/JPEGStream.h
125 silly gunzTarPerm extractEntry src/PNG.h
126 silly gunzTarPerm extractEntry src/Point.h
127 silly gunzTarPerm extractEntry src/closure.h
128 silly gunzTarPerm extractEntry src/color.cc
129 silly gunzTarPerm extractEntry src/color.h
130 silly gunzTarPerm extractEntry src/init.cc
131 silly gunzTarPerm extractEntry util/has_lib.sh
132 silly gentlyRm /Users/JustinZhou/Documents/Programming/Fullstack/Senior/Horizon/node_modules/.staging/canvas-759b9c26/node_modules is being purged
133 verbose gentlyRm don't care about contents; nuking /Users/JustinZhou/Documents/Programming/Fullstack/Senior/Horizon/node_modules/.staging/canvas-759b9c26/node_modules
134 silly doParallel preinstall 1
135 silly preinstall canvas@1.6.4
136 info lifecycle canvas@1.6.4~preinstall: canvas@1.6.4
137 silly lifecycle canvas@1.6.4~preinstall: no script for preinstall, continuing
138 silly doReverseSerial remove 0
139 silly doSerial move 0
140 silly doSerial finalize 1
141 silly finalize /Users/JustinZhou/Documents/Programming/Fullstack/Senior/Horizon/node_modules/canvas
142 silly doSerial build 1
143 silly build canvas@1.6.4
144 info linkStuff canvas@1.6.4
145 silly linkStuff canvas@1.6.4 has /Users/JustinZhou/Documents/Programming/Fullstack/Senior/Horizon/node_modules as its parent node_modules
146 verbose linkBins canvas@1.6.4
147 verbose linkMans canvas@1.6.4
148 silly doSerial global-link 0
149 silly doParallel update-linked 0
150 silly doSerial install 1
151 silly install canvas@1.6.4
152 info lifecycle canvas@1.6.4~install: canvas@1.6.4
153 verbose lifecycle canvas@1.6.4~install: unsafe-perm in lifecycle true
154 verbose lifecycle canvas@1.6.4~install: PATH: /usr/local/lib/node_modules/npm/bin/node-gyp-bin:/Users/JustinZhou/Documents/Programming/Fullstack/Senior/Horizon/node_modules/canvas/node_modules/.bin:/Users/JustinZhou/Documents/Programming/Fullstack/Senior/Horizon/node_modules/.bin:/Users/JustinZhou/anaconda3/bin:/Users/JustinZhou/anaconda/bin:/usr/local/bin:/usr/bin:/bin:/usr/sbin:/sbin:/Applications/Postgres.app/Contents/Versions/latest/bin
155 verbose lifecycle canvas@1.6.4~install: CWD: /Users/JustinZhou/Documents/Programming/Fullstack/Senior/Horizon/node_modules/canvas
156 silly lifecycle canvas@1.6.4~install: Args: [ '-c', 'node-gyp rebuild' ]
157 silly lifecycle canvas@1.6.4~install: Returned: code: 1  signal: null
158 info lifecycle canvas@1.6.4~install: Failed to exec install script
159 verbose unlock done using /Users/JustinZhou/.npm/_locks/staging-f0c4313db08735f5.lock for /Users/JustinZhou/Documents/Programming/Fullstack/Senior/Horizon/node_modules/.staging
160 silly rollbackFailedOptional Starting
161 silly gentlyRm /Users/JustinZhou/Documents/Programming/Fullstack/Senior/Horizon/node_modules/canvas is being purged from base /Users/JustinZhou/Documents/Programming/Fullstack/Senior/Horizon
162 verbose gentlyRm don't care about contents; nuking /Users/JustinZhou/Documents/Programming/Fullstack/Senior/Horizon/node_modules/canvas
163 silly gentlyRm /Users/JustinZhou/Documents/Programming/Fullstack/Senior/Horizon/node_modules/canvas is being purged from base /Users/JustinZhou/Documents/Programming/Fullstack/Senior/Horizon
164 verbose gentlyRm don't care about contents; nuking /Users/JustinZhou/Documents/Programming/Fullstack/Senior/Horizon/node_modules/canvas
165 silly gentlyRm /Users/JustinZhou/Documents/Programming/Fullstack/Senior/Horizon/node_modules/canvas is being purged from base /Users/JustinZhou/Documents/Programming/Fullstack/Senior/Horizon
166 verbose gentlyRm don't care about contents; nuking /Users/JustinZhou/Documents/Programming/Fullstack/Senior/Horizon/node_modules/canvas
167 silly gentlyRm /Users/JustinZhou/Documents/Programming/Fullstack/Senior/Horizon/node_modules/canvas is being purged from base /Users/JustinZhou/Documents/Programming/Fullstack/Senior/Horizon
168 verbose gentlyRm don't care about contents; nuking /Users/JustinZhou/Documents/Programming/Fullstack/Senior/Horizon/node_modules/canvas
169 silly gentlyRm /Users/JustinZhou/Documents/Programming/Fullstack/Senior/Horizon/node_modules/canvas is being purged from base /Users/JustinZhou/Documents/Programming/Fullstack/Senior/Horizon
170 verbose gentlyRm don't care about contents; nuking /Users/JustinZhou/Documents/Programming/Fullstack/Senior/Horizon/node_modules/canvas
171 silly gentlyRm /Users/JustinZhou/Documents/Programming/Fullstack/Senior/Horizon/node_modules/canvas is being purged from base /Users/JustinZhou/Documents/Programming/Fullstack/Senior/Horizon
172 verbose gentlyRm don't care about contents; nuking /Users/JustinZhou/Documents/Programming/Fullstack/Senior/Horizon/node_modules/canvas
173 silly gentlyRm /Users/JustinZhou/Documents/Programming/Fullstack/Senior/Horizon/node_modules/canvas is being purged from base /Users/JustinZhou/Documents/Programming/Fullstack/Senior/Horizon
174 verbose gentlyRm don't care about contents; nuking /Users/JustinZhou/Documents/Programming/Fullstack/Senior/Horizon/node_modules/canvas
175 silly gentlyRm /Users/JustinZhou/Documents/Programming/Fullstack/Senior/Horizon/node_modules/canvas is being purged from base /Users/JustinZhou/Documents/Programming/Fullstack/Senior/Horizon
176 verbose gentlyRm don't care about contents; nuking /Users/JustinZhou/Documents/Programming/Fullstack/Senior/Horizon/node_modules/canvas
177 silly vacuum-fs purging /Users/JustinZhou/Documents/Programming/Fullstack/Senior/Horizon/node_modules/canvas
178 silly vacuum-fs purging /Users/JustinZhou/Documents/Programming/Fullstack/Senior/Horizon/node_modules/canvas
179 silly vacuum-fs purging /Users/JustinZhou/Documents/Programming/Fullstack/Senior/Horizon/node_modules/canvas
180 silly vacuum-fs purging /Users/JustinZhou/Documents/Programming/Fullstack/Senior/Horizon/node_modules/canvas
181 silly vacuum-fs purging /Users/JustinZhou/Documents/Programming/Fullstack/Senior/Horizon/node_modules/canvas
182 silly vacuum-fs purging /Users/JustinZhou/Documents/Programming/Fullstack/Senior/Horizon/node_modules/canvas
183 silly vacuum-fs purging /Users/JustinZhou/Documents/Programming/Fullstack/Senior/Horizon/node_modules/canvas
184 silly vacuum-fs purging /Users/JustinZhou/Documents/Programming/Fullstack/Senior/Horizon/node_modules/canvas
185 silly vacuum-fs quitting because other entries in /Users/JustinZhou/Documents/Programming/Fullstack/Senior/Horizon/node_modules
186 silly vacuum-fs quitting because other entries in /Users/JustinZhou/Documents/Programming/Fullstack/Senior/Horizon/node_modules
187 silly vacuum-fs quitting because other entries in /Users/JustinZhou/Documents/Programming/Fullstack/Senior/Horizon/node_modules
188 silly vacuum-fs quitting because other entries in /Users/JustinZhou/Documents/Programming/Fullstack/Senior/Horizon/node_modules
189 silly vacuum-fs quitting because other entries in /Users/JustinZhou/Documents/Programming/Fullstack/Senior/Horizon/node_modules
190 silly vacuum-fs quitting because other entries in /Users/JustinZhou/Documents/Programming/Fullstack/Senior/Horizon/node_modules
191 silly vacuum-fs quitting because other entries in /Users/JustinZhou/Documents/Programming/Fullstack/Senior/Horizon/node_modules
192 silly vacuum-fs quitting because other entries in /Users/JustinZhou/Documents/Programming/Fullstack/Senior/Horizon/node_modules
193 silly rollbackFailedOptional Finishing
194 silly runTopLevelLifecycles Finishing
195 silly install printInstalled
196 warn puppybook@1.0.0 No description
197 verbose If you need help, you may report this error at:
197 verbose     <https://github.com/npm/npm/issues>
198 warn puppybook@1.0.0 No repository field.
199 verbose If you need help, you may report this error at:
199 verbose     <https://github.com/npm/npm/issues>
200 verbose stack Error: canvas@1.6.4 install: `node-gyp rebuild`
200 verbose stack Exit status 1
200 verbose stack     at EventEmitter.<anonymous> (/usr/local/lib/node_modules/npm/lib/utils/lifecycle.js:279:16)
200 verbose stack     at emitTwo (events.js:106:13)
200 verbose stack     at EventEmitter.emit (events.js:191:7)
200 verbose stack     at ChildProcess.<anonymous> (/usr/local/lib/node_modules/npm/lib/utils/spawn.js:40:14)
200 verbose stack     at emitTwo (events.js:106:13)
200 verbose stack     at ChildProcess.emit (events.js:191:7)
200 verbose stack     at maybeClose (internal/child_process.js:885:16)
200 verbose stack     at Process.ChildProcess._handle.onexit (internal/child_process.js:226:5)
201 verbose pkgid canvas@1.6.4
202 verbose cwd /Users/JustinZhou/Documents/Programming/Fullstack/Senior/Horizon
203 error Darwin 14.5.0
204 error argv "/usr/local/bin/node" "/usr/local/bin/npm" "install" "canvas"
205 error node v7.4.0
206 error npm  v4.0.5
207 error code ELIFECYCLE
208 error canvas@1.6.4 install: `node-gyp rebuild`
208 error Exit status 1
209 error Failed at the canvas@1.6.4 install script 'node-gyp rebuild'.
209 error Make sure you have the latest version of node.js and npm installed.
209 error If you do, this is most likely a problem with the canvas package,
209 error not with npm itself.
209 error Tell the author that this fails on your system:
209 error     node-gyp rebuild
209 error You can get information on how to open an issue for this project with:
209 error     npm bugs canvas
209 error Or if that isn't available, you can get their info via:
209 error     npm owner ls canvas
209 error There is likely additional logging output above.
210 verbose exit [ 1, true ]
